Thu, 05 Sep 2019 14:47:04 +0000 r3
Thu, 05 Sep 2019 17:46:20 +0000 r3
Thu, 05 Sep 2019 22:58:15 +0000 r3
Fri, 06 Sep 2019 14:26:23 +0000 r3
Sat, 07 Sep 2019 03:44:18 +0000 r3
Sun, 08 Sep 2019 13:10:59 +0000 r3
Sun, 08 Sep 2019 16:09:39 +0000 r3
Mon, 09 Sep 2019 09:12:50 +0000 r3
Mon, 09 Sep 2019 12:28:35 +0000 r3
Mon, 09 Sep 2019 19:18:57 +0000 r3
Mon, 09 Sep 2019 20:28:39 +0000 r3
Tue, 10 Sep 2019 15:20:41 +0000 r3
Tue, 10 Sep 2019 22:25:25 +0000 r3
Tue, 10 Sep 2019 23:23:58 +0000 r3
Tue, 10 Sep 2019 23:26:56 +0000 r3
Wed, 11 Sep 2019 00:00:45 +0000 r3
Wed, 11 Sep 2019 12:04:21 +0000 r3
Wed, 11 Sep 2019 19:50:32 +0000 r3
Wed, 11 Sep 2019 20:30:07 +0000 r3
Thu, 12 Sep 2019 03:30:30 +0000 r3
Fri, 13 Sep 2019 03:14:24 +0000 r3
Fri, 13 Sep 2019 07:18:20 +0000 r3
Fri, 13 Sep 2019 13:19:09 +0000 r3
Fri, 13 Sep 2019 21:54:24 +0000 r3
Fri, 13 Sep 2019 22:23:16 +0000 r3
Fri, 13 Sep 2019 23:03:46 +0000 r3
Sat, 14 Sep 2019 00:11:09 +0000 r3
Sat, 14 Sep 2019 00:16:43 +0000 r3
Sat, 14 Sep 2019 10:22:31 +0000 r3
Sat, 14 Sep 2019 11:36:21 +0000 r3
Sat, 14 Sep 2019 19:58:23 +0000 r3
Sun, 15 Sep 2019 01:17:19 +0000 r3
Sun, 15 Sep 2019 03:50:13 +0000 r3
Sun, 15 Sep 2019 04:11:01 +0000 r3
Sun, 15 Sep 2019 15:11:25 +0000 r3
Sun, 15 Sep 2019 23:00:21 +0000 r3
Sun, 15 Sep 2019 23:34:52 +0000 r3
Mon, 16 Sep 2019 20:59:08 +0000 r3
Tue, 17 Sep 2019 16:16:15 +0000 r3
Tue, 17 Sep 2019 16:20:43 +0000 r3
Tue, 17 Sep 2019 19:20:43 +0000 r3
Tue, 17 Sep 2019 19:20:43 +0000 r3
Tue, 17 Sep 2019 22:51:27 +0000 r3
Wed, 18 Sep 2019 00:03:37 +0000 r3
Wed, 18 Sep 2019 01:36:10 +0000 r3
Wed, 18 Sep 2019 02:36:04 +0000 r3
Wed, 18 Sep 2019 21:28:07 +0000 r3
Thu, 19 Sep 2019 05:12:25 +0000 r3
Thu, 19 Sep 2019 12:52:38 +0000 r3
Thu, 19 Sep 2019 15:21:55 +0000 r3
Thu, 19 Sep 2019 17:42:04 +0000 r3
Thu, 19 Sep 2019 17:50:23 +0000 r3
Fri, 20 Sep 2019 14:33:11 +0000 r3
Fri, 20 Sep 2019 15:37:55 +0000 r3
Sat, 21 Sep 2019 04:29:37 +0000 r3
Mon, 23 Sep 2019 00:55:56 +0000 r3
Mon, 23 Sep 2019 06:59:43 +0000 r3
Mon, 23 Sep 2019 20:59:57 +0000 r3
Tue, 24 Sep 2019 01:02:51 +0000 r3
Tue, 24 Sep 2019 11:22:26 +0000 r3
Wed, 25 Sep 2019 00:29:06 +0000 r3
Wed, 25 Sep 2019 01:10:32 +0000 r3
Wed, 25 Sep 2019 04:30:38 +0000 r3
Wed, 25 Sep 2019 05:01:52 +0000 r3
Wed, 25 Sep 2019 13:35:37 +0000 r3
Wed, 25 Sep 2019 19:51:03 +0000 r3
Thu, 26 Sep 2019 09:11:07 +0000 r3
Thu, 26 Sep 2019 12:36:28 +0000 r3
Thu, 26 Sep 2019 23:30:19 +0000 r3
Fri, 27 Sep 2019 00:12:20 +0000 r3
Fri, 27 Sep 2019 04:56:39 +0000 r3
Fri, 27 Sep 2019 17:57:23 +0000 r3
Sat, 28 Sep 2019 04:43:49 +0000 r3
Sat, 28 Sep 2019 15:43:44 +0000 r3
Sun, 29 Sep 2019 10:27:26 +0000 r3
Sun, 29 Sep 2019 12:23:26 +0000 r3
Sun, 29 Sep 2019 14:48:09 +0000 r3
Sun, 29 Sep 2019 21:44:48 +0000 r3
Mon, 30 Sep 2019 02:56:14 +0000 r3
Mon, 30 Sep 2019 10:54:40 +0000 r3
Mon, 30 Sep 2019 21:26:43 +0000 r3
Mon, 30 Sep 2019 22:35:56 +0000 r3
Tue, 01 Oct 2019 01:40:05 +0000 r3
Tue, 01 Oct 2019 04:06:08 +0000 r3
Tue, 01 Oct 2019 08:14:46 +0000 r3
Wed, 02 Oct 2019 23:15:04 +0000 r3
Thu, 03 Oct 2019 03:09:27 +0000 r3
Thu, 03 Oct 2019 19:25:04 +0000 r3
Thu, 03 Oct 2019 21:09:30 +0000 r3
Thu, 03 Oct 2019 21:34:41 +0000 r3
Fri, 04 Oct 2019 01:10:03 +0000 r3
Fri, 04 Oct 2019 07:18:08 +0000 r3
Fri, 04 Oct 2019 17:07:54 +0000 r3
Fri, 04 Oct 2019 21:15:07 +0000 r3
Fri, 04 Oct 2019 21:54:31 +0000 r3
Fri, 04 Oct 2019 22:13:41 +0000 r3
Fri, 04 Oct 2019 23:30:20 +0000 r3
Sat, 05 Oct 2019 22:23:45 +0000 r3
Sun, 06 Oct 2019 07:49:40 +0000 r3
Sun, 06 Oct 2019 07:57:20 +0000 r3
Sun, 06 Oct 2019 20:15:34 +0000 r3
Mon, 07 Oct 2019 01:56:53 +0000 r3
Mon, 07 Oct 2019 02:45:51 +0000 r3
Mon, 07 Oct 2019 07:09:52 +0000 r3
Mon, 07 Oct 2019 18:40:23 +0000 r3
Mon, 07 Oct 2019 20:51:44 +0000 r3
Tue, 08 Oct 2019 17:18:40 +0000 r3
Tue, 08 Oct 2019 20:55:25 +0000 r3
Thu, 10 Oct 2019 14:28:58 +0000 r3
Thu, 10 Oct 2019 21:10:35 +0000 r3
Fri, 11 Oct 2019 02:43:18 +0000 r3
Fri, 11 Oct 2019 16:06:45 +0000 r3
Fri, 11 Oct 2019 19:28:19 +0000 r3
Sat, 12 Oct 2019 13:14:05 +0000 r3
Sat, 12 Oct 2019 15:52:12 +0000 r3
Sat, 12 Oct 2019 16:53:16 +0000 r3
Sat, 12 Oct 2019 17:52:37 +0000 r3
Sat, 12 Oct 2019 21:25:24 +0000 r3
Sun, 13 Oct 2019 00:35:09 +0000 r3
Sun, 13 Oct 2019 09:14:42 +0000 r3
Sun, 13 Oct 2019 09:43:03 +0000 r3
Sun, 13 Oct 2019 20:19:23 +0000 r3
Mon, 14 Oct 2019 01:19:30 +0000 r3
Mon, 14 Oct 2019 04:46:36 +0000 r3
Mon, 14 Oct 2019 06:20:22 +0000 r3
Mon, 14 Oct 2019 22:20:09 +0000 r3
Tue, 15 Oct 2019 16:28:36 +0000 r3
Tue, 15 Oct 2019 18:42:49 +0000 r3
Tue, 15 Oct 2019 23:49:15 +0000 r3
Wed, 16 Oct 2019 00:44:55 +0000 r3
Wed, 16 Oct 2019 01:57:23 +0000 r3
Wed, 16 Oct 2019 05:23:43 +0000 r3
Wed, 16 Oct 2019 23:44:58 +0000 r3
Thu, 17 Oct 2019 00:18:29 +0000 r3
Thu, 17 Oct 2019 00:18:30 +0000 r3
Thu, 17 Oct 2019 00:21:39 +0000 r3
Thu, 17 Oct 2019 01:27:01 +0000 r3
Thu, 17 Oct 2019 20:17:09 +0000 r3
Thu, 17 Oct 2019 20:17:10 +0000 r3
Thu, 17 Oct 2019 20:51:36 +0000 r3
Thu, 17 Oct 2019 23:16:48 +0000 r3
Thu, 17 Oct 2019 23:41:28 +0000 r3
Fri, 18 Oct 2019 01:07:43 +0000 r3
Fri, 18 Oct 2019 02:05:44 +0000 r3
Fri, 18 Oct 2019 09:34:05 +0000 r3
Fri, 18 Oct 2019 17:00:59 +0000 r3
Fri, 18 Oct 2019 17:00:59 +0000 r3
Fri, 18 Oct 2019 17:01:00 +0000 r3
Fri, 18 Oct 2019 17:01:00 +0000 r3
Fri, 18 Oct 2019 18:06:06 +0000 r3
Fri, 18 Oct 2019 19:00:59 +0000 r3
Fri, 18 Oct 2019 19:00:59 +0000 r3
Fri, 18 Oct 2019 19:01:00 +0000 r3
Fri, 18 Oct 2019 19:01:00 +0000 r3
Fri, 18 Oct 2019 20:31:45 +0000 r3
Fri, 18 Oct 2019 20:31:46 +0000 r3
Fri, 18 Oct 2019 20:31:46 +0000 r3
Fri, 18 Oct 2019 20:31:47 +0000 r3
Fri, 18 Oct 2019 21:33:11 +0000 r3
Fri, 18 Oct 2019 21:33:19 +0000 r3
Fri, 18 Oct 2019 21:33:20 +0000 r3
Fri, 18 Oct 2019 21:33:33 +0000 r3
Fri, 18 Oct 2019 22:02:36 +0000 r3
Fri, 18 Oct 2019 22:03:07 +0000 r3
Fri, 18 Oct 2019 22:13:35 +0000 r3
Fri, 18 Oct 2019 22:38:43 +0000 r3
Fri, 18 Oct 2019 22:38:44 +0000 r3
Fri, 18 Oct 2019 22:38:44 +0000 r3
Fri, 18 Oct 2019 22:38:45 +0000 r3
Fri, 18 Oct 2019 22:38:46 +0000 r3
Fri, 18 Oct 2019 22:38:46 +0000 r3
Fri, 18 Oct 2019 22:38:47 +0000 r3
Fri, 18 Oct 2019 22:38:47 +0000 r3
Fri, 18 Oct 2019 23:15:40 +0000 r3
Fri, 18 Oct 2019 23:15:40 +0000 r3
Fri, 18 Oct 2019 23:15:41 +0000 r3
Fri, 18 Oct 2019 23:15:41 +0000 r3
Fri, 18 Oct 2019 23:15:43 +0000 r3
Fri, 18 Oct 2019 23:15:43 +0000 r3
Fri, 18 Oct 2019 23:15:44 +0000 r3
Fri, 18 Oct 2019 23:15:44 +0000 r3
Fri, 18 Oct 2019 23:33:47 +0000 r3
Fri, 18 Oct 2019 23:33:47 +0000 r3
Fri, 18 Oct 2019 23:33:48 +0000 r3
Fri, 18 Oct 2019 23:33:49 +0000 r3
Fri, 18 Oct 2019 23:48:31 +0000 r3
Fri, 18 Oct 2019 23:48:31 +0000 r3
Sat, 19 Oct 2019 00:04:19 +0000 r3
Sat, 19 Oct 2019 01:47:45 +0000 r3
Sat, 19 Oct 2019 01:47:46 +0000 r3
Sat, 19 Oct 2019 01:47:46 +0000 r3
Sat, 19 Oct 2019 01:47:47 +0000 r3
Sat, 19 Oct 2019 03:37:38 +0000 r3
Sat, 19 Oct 2019 11:27:03 +0000 r3
Sat, 19 Oct 2019 11:27:04 +0000 r3
Sat, 19 Oct 2019 11:27:05 +0000 r3
Sat, 19 Oct 2019 11:27:05 +0000 r3
Sat, 19 Oct 2019 12:27:50 +0000 r3
Sat, 19 Oct 2019 12:27:50 +0000 r3
Sat, 19 Oct 2019 12:27:50 +0000 r3
Sat, 19 Oct 2019 12:27:51 +0000 r3
Sat, 19 Oct 2019 12:27:51 +0000 r3
Sat, 19 Oct 2019 12:27:52 +0000 r3
Sat, 19 Oct 2019 12:27:52 +0000 r3
Sat, 19 Oct 2019 16:15:09 +0000 r3
Sat, 19 Oct 2019 16:15:09 +0000 r3
Sat, 19 Oct 2019 16:15:10 +0000 r3
Sat, 19 Oct 2019 16:15:11 +0000 r3
Sat, 19 Oct 2019 16:21:26 +0000 r3
Sat, 19 Oct 2019 16:21:27 +0000 r3
Sat, 19 Oct 2019 16:21:27 +0000 r3
Sat, 19 Oct 2019 16:21:27 +0000 r3
Sat, 19 Oct 2019 16:21:28 +0000 r3
Sat, 19 Oct 2019 16:21:29 +0000 r3
Sat, 19 Oct 2019 16:21:29 +0000 r3
Sat, 19 Oct 2019 16:21:30 +0000 r3
Sat, 19 Oct 2019 17:51:12 +0000 r3
Sat, 19 Oct 2019 17:51:15 +0000 r3
Sat, 19 Oct 2019 19:01:53 +0000 r3
Sat, 19 Oct 2019 19:01:53 +0000 r3
Sat, 19 Oct 2019 19:01:54 +0000 r3
Sat, 19 Oct 2019 19:01:54 +0000 r3
Sat, 19 Oct 2019 20:56:14 +0000 r3
Sat, 19 Oct 2019 20:56:15 +0000 r3
Sat, 19 Oct 2019 20:56:15 +0000 r3
Sat, 19 Oct 2019 20:56:15 +0000 r3
Sat, 19 Oct 2019 21:11:36 +0000 r3
Sat, 19 Oct 2019 21:15:09 +0000 r3
Sat, 19 Oct 2019 21:53:24 +0000 r3
Sat, 19 Oct 2019 21:53:25 +0000 r3
Sat, 19 Oct 2019 21:53:25 +0000 r3
Sat, 19 Oct 2019 21:53:25 +0000 r3
Sat, 19 Oct 2019 21:53:26 +0000 r3
Sat, 19 Oct 2019 21:53:26 +0000 r3
Sat, 19 Oct 2019 21:53:26 +0000 r3
Sat, 19 Oct 2019 21:53:27 +0000 r3
Sat, 19 Oct 2019 23:02:36 +0000 r3
Sat, 19 Oct 2019 23:06:38 +0000 r3
Sat, 19 Oct 2019 23:06:39 +0000 r3
Sat, 19 Oct 2019 23:06:39 +0000 r3
Sat, 19 Oct 2019 23:06:39 +0000 r3
Sat, 19 Oct 2019 23:06:39 +0000 r3
Sat, 19 Oct 2019 23:06:40 +0000 r3
Sat, 19 Oct 2019 23:06:43 +0000 r3
Sat, 19 Oct 2019 23:29:44 +0000 r3
Sat, 19 Oct 2019 23:29:44 +0000 r3
Sat, 19 Oct 2019 23:29:45 +0000 r3
Sat, 19 Oct 2019 23:29:45 +0000 r3
Sat, 19 Oct 2019 23:29:48 +0000 r3
Sat, 19 Oct 2019 23:29:48 +0000 r3
Sat, 19 Oct 2019 23:29:48 +0000 r3
Sat, 19 Oct 2019 23:29:49 +0000 r3
Sat, 19 Oct 2019 23:29:50 +0000 r3
Sat, 19 Oct 2019 23:29:50 +0000 r3
Sun, 20 Oct 2019 00:11:57 +0000 r3
Sun, 20 Oct 2019 00:46:42 +0000 r3
Sun, 20 Oct 2019 00:46:42 +0000 r3
Sun, 20 Oct 2019 00:46:42 +0000 r3
Sun, 20 Oct 2019 00:46:43 +0000 r3
Sun, 20 Oct 2019 05:00:37 +0000 r3
Sun, 20 Oct 2019 05:00:37 +0000 r3
Sun, 20 Oct 2019 05:00:38 +0000 r3
Sun, 20 Oct 2019 05:00:38 +0000 r3
Sun, 20 Oct 2019 07:34:11 +0000 r3
Sun, 20 Oct 2019 07:34:52 +0000 r3
Sun, 20 Oct 2019 07:37:14 +0000 r3
Sun, 20 Oct 2019 07:43:44 +0000 r3
Sun, 20 Oct 2019 07:59:20 +0000 r3
Sun, 20 Oct 2019 14:46:20 +0000 r3
Sun, 20 Oct 2019 15:29:32 +0000 r3
Sun, 20 Oct 2019 15:29:33 +0000 r3
Sun, 20 Oct 2019 15:29:33 +0000 r3
Sun, 20 Oct 2019 15:29:33 +0000 r3
Sun, 20 Oct 2019 16:10:49 +0000 r3
Sun, 20 Oct 2019 17:12:33 +0000 r3
Sun, 20 Oct 2019 17:29:51 +0000 r3
Sun, 20 Oct 2019 18:58:14 +0000 r3
Sun, 20 Oct 2019 18:58:15 +0000 r3
Sun, 20 Oct 2019 19:59:03 +0000 r3
Sun, 20 Oct 2019 22:21:32 +0000 r3
Sun, 20 Oct 2019 22:37:36 +0000 r3
Sun, 20 Oct 2019 23:59:06 +0000 r3
Mon, 21 Oct 2019 00:11:21 +0000 r3
Mon, 21 Oct 2019 00:36:05 +0000 r3
Mon, 21 Oct 2019 01:13:15 +0000 r3
Mon, 21 Oct 2019 01:13:15 +0000 r3
Mon, 21 Oct 2019 01:13:15 +0000 r3
Mon, 21 Oct 2019 01:13:16 +0000 r3
Mon, 21 Oct 2019 04:40:46 +0000 r3
Mon, 21 Oct 2019 09:41:52 +0000 r3
Mon, 21 Oct 2019 09:41:52 +0000 r3
Mon, 21 Oct 2019 11:10:43 +0000 r3
Mon, 21 Oct 2019 12:00:31 +0000 r3
Mon, 21 Oct 2019 12:00:33 +0000 r3
Mon, 21 Oct 2019 12:00:38 +0000 r3
Mon, 21 Oct 2019 12:14:35 +0000 r3
Mon, 21 Oct 2019 14:11:08 +0000 r3
Mon, 21 Oct 2019 14:27:24 +0000 r3
Mon, 21 Oct 2019 15:09:15 +0000 r3
Mon, 21 Oct 2019 15:10:16 +0000 r3
Mon, 21 Oct 2019 17:05:48 +0000 r3
Mon, 21 Oct 2019 17:10:53 +0000 r3
Mon, 21 Oct 2019 17:10:53 +0000 r3
Mon, 21 Oct 2019 17:10:53 +0000 r3
Mon, 21 Oct 2019 17:10:54 +0000 r3
Mon, 21 Oct 2019 17:52:24 +0000 r3
Mon, 21 Oct 2019 17:52:25 +0000 r3
Mon, 21 Oct 2019 18:03:30 +0000 r3
Mon, 21 Oct 2019 19:23:23 +0000 r3
Mon, 21 Oct 2019 19:23:24 +0000 r3
Mon, 21 Oct 2019 19:23:24 +0000 r3
Mon, 21 Oct 2019 19:23:24 +0000 r3
Mon, 21 Oct 2019 19:48:39 +0000 r3
Mon, 21 Oct 2019 19:48:40 +0000 r3
Mon, 21 Oct 2019 19:48:40 +0000 r3
Mon, 21 Oct 2019 19:48:40 +0000 r3
Mon, 21 Oct 2019 19:48:41 +0000 r3
Mon, 21 Oct 2019 19:48:41 +0000 r3
Mon, 21 Oct 2019 19:48:42 +0000 r3
Mon, 21 Oct 2019 19:48:42 +0000 r3
Mon, 21 Oct 2019 20:07:46 +0000 r3
Mon, 21 Oct 2019 20:07:55 +0000 r3
Mon, 21 Oct 2019 20:07:56 +0000 r3
Mon, 21 Oct 2019 20:07:56 +0000 r3
Mon, 21 Oct 2019 20:07:57 +0000 r3
Mon, 21 Oct 2019 20:07:58 +0000 r3
Mon, 21 Oct 2019 20:07:58 +0000 r3
Mon, 21 Oct 2019 20:07:59 +0000 r3
Mon, 21 Oct 2019 21:36:37 +0000 r3
Mon, 21 Oct 2019 21:37:02 +0000 r3
Mon, 21 Oct 2019 21:37:02 +0000 r3
Mon, 21 Oct 2019 21:37:03 +0000 r3
Mon, 21 Oct 2019 21:37:03 +0000 r3
Mon, 21 Oct 2019 21:59:40 +0000 r3
Mon, 21 Oct 2019 21:59:40 +0000 r3
Mon, 21 Oct 2019 21:59:40 +0000 r3
Mon, 21 Oct 2019 21:59:41 +0000 r3
Mon, 21 Oct 2019 21:59:41 +0000 r3
Mon, 21 Oct 2019 21:59:42 +0000 r3
Mon, 21 Oct 2019 21:59:42 +0000 r3
Mon, 21 Oct 2019 21:59:42 +0000 r3
Mon, 21 Oct 2019 22:03:15 +0000 r3
Mon, 21 Oct 2019 22:03:15 +0000 r3
Mon, 21 Oct 2019 22:03:16 +0000 r3
Mon, 21 Oct 2019 22:03:16 +0000 r3
Mon, 21 Oct 2019 22:03:17 +0000 r3
Mon, 21 Oct 2019 22:03:17 +0000 r3
Mon, 21 Oct 2019 22:03:17 +0000 r3
Mon, 21 Oct 2019 22:03:17 +0000 r3
Mon, 21 Oct 2019 22:14:29 +0000 r3
Mon, 21 Oct 2019 22:14:29 +0000 r3
Mon, 21 Oct 2019 22:14:29 +0000 r3
Mon, 21 Oct 2019 22:14:30 +0000 r3
Mon, 21 Oct 2019 22:14:30 +0000 r3
Mon, 21 Oct 2019 22:14:31 +0000 r3
Mon, 21 Oct 2019 22:14:31 +0000 r3
Mon, 21 Oct 2019 22:14:31 +0000 r3
Mon, 21 Oct 2019 23:00:04 +0000 r3
Mon, 21 Oct 2019 23:30:51 +0000 r3
Tue, 22 Oct 2019 00:10:02 +0000 r3
Tue, 22 Oct 2019 01:43:41 +0000 r3
Tue, 22 Oct 2019 03:05:05 +0000 r3
Tue, 22 Oct 2019 03:05:05 +0000 r3
Tue, 22 Oct 2019 04:52:53 +0000 r3
Tue, 22 Oct 2019 04:55:43 +0000 r3
Tue, 22 Oct 2019 05:52:22 +0000 r3
Tue, 22 Oct 2019 05:52:30 +0000 r3
Tue, 22 Oct 2019 06:17:42 +0000 r3
Tue, 22 Oct 2019 06:42:11 +0000 r3
Tue, 22 Oct 2019 11:19:07 +0000 r3
Tue, 22 Oct 2019 13:26:47 +0000 r3
Tue, 22 Oct 2019 13:26:47 +0000 r3
Tue, 22 Oct 2019 14:15:51 +0000 r3
Tue, 22 Oct 2019 14:30:41 +0000 r3
Tue, 22 Oct 2019 14:30:41 +0000 r3
Tue, 22 Oct 2019 14:30:42 +0000 r3
Tue, 22 Oct 2019 14:30:42 +0000 r3
Tue, 22 Oct 2019 15:17:47 +0000 r3
Tue, 22 Oct 2019 16:22:53 +0000 r3
Tue, 22 Oct 2019 16:22:54 +0000 r3
Tue, 22 Oct 2019 16:48:42 +0000 r3
Tue, 22 Oct 2019 16:48:59 +0000 r3
Tue, 22 Oct 2019 16:48:59 +0000 r3
Tue, 22 Oct 2019 16:48:59 +0000 r3
Tue, 22 Oct 2019 16:48:59 +0000 r3
Tue, 22 Oct 2019 16:48:59 +0000 r3
Tue, 22 Oct 2019 16:48:59 +0000 r3
Tue, 22 Oct 2019 19:24:58 +0000 r3
Tue, 22 Oct 2019 19:29:01 +0000 r3
Tue, 22 Oct 2019 19:29:02 +0000 r3
Tue, 22 Oct 2019 19:35:07 +0000 r3
Tue, 22 Oct 2019 19:35:07 +0000 r3
Tue, 22 Oct 2019 19:35:07 +0000 r3
Tue, 22 Oct 2019 19:35:08 +0000 r3
Tue, 22 Oct 2019 19:41:06 +0000 r3
Tue, 22 Oct 2019 19:47:36 +0000 r3
Tue, 22 Oct 2019 21:40:32 +0000 r3
Tue, 22 Oct 2019 21:40:33 +0000 r3
Tue, 22 Oct 2019 21:40:33 +0000 r3
Tue, 22 Oct 2019 21:40:33 +0000 r3
Tue, 22 Oct 2019 22:33:37 +0000 r3
Tue, 22 Oct 2019 23:21:45 +0000 r3
Tue, 22 Oct 2019 23:21:45 +0000 r3
Tue, 22 Oct 2019 23:21:45 +0000 r3
Tue, 22 Oct 2019 23:21:45 +0000 r3
Tue, 22 Oct 2019 23:21:45 +0000 r3
Wed, 23 Oct 2019 00:03:38 +0000 r3
Wed, 23 Oct 2019 00:18:40 +0000 r3
Wed, 23 Oct 2019 01:20:30 +0000 r3
Wed, 23 Oct 2019 01:20:30 +0000 r3
Wed, 23 Oct 2019 02:05:58 +0000 r3
Wed, 23 Oct 2019 02:09:00 +0000 r3
Wed, 23 Oct 2019 02:43:05 +0000 r3
Wed, 23 Oct 2019 03:19:04 +0000 r3
Wed, 23 Oct 2019 03:19:04 +0000 r3
Wed, 23 Oct 2019 03:19:04 +0000 r3
Wed, 23 Oct 2019 03:19:04 +0000 r3
Wed, 23 Oct 2019 03:19:05 +0000 r3
Wed, 23 Oct 2019 03:19:05 +0000 r3
Wed, 23 Oct 2019 03:19:06 +0000 r3
Wed, 23 Oct 2019 03:19:06 +0000 r3
Wed, 23 Oct 2019 03:19:08 +0000 r3
Wed, 23 Oct 2019 03:19:08 +0000 r3
Wed, 23 Oct 2019 03:19:09 +0000 r3
Wed, 23 Oct 2019 03:19:09 +0000 r3
Wed, 23 Oct 2019 03:19:09 +0000 r3
Wed, 23 Oct 2019 03:19:09 +0000 r3
Wed, 23 Oct 2019 03:19:10 +0000 r3
Wed, 23 Oct 2019 06:54:24 +0000 r3
Wed, 23 Oct 2019 07:09:32 +0000 r3
Wed, 23 Oct 2019 08:00:49 +0000 r3
Wed, 23 Oct 2019 15:15:04 +0000 r3
Wed, 23 Oct 2019 19:33:52 +0000 r3
Wed, 23 Oct 2019 19:33:53 +0000 r3
Wed, 23 Oct 2019 19:33:54 +0000 r3
Wed, 23 Oct 2019 19:57:37 +0000 r3
Wed, 23 Oct 2019 21:22:06 +0000 r3
Wed, 23 Oct 2019 21:22:06 +0000 r3
Wed, 23 Oct 2019 21:22:06 +0000 r3
Wed, 23 Oct 2019 21:22:06 +0000 r3
Wed, 23 Oct 2019 21:22:06 +0000 r3
Wed, 23 Oct 2019 21:22:09 +0000 r3
Wed, 23 Oct 2019 21:22:09 +0000 r3
Wed, 23 Oct 2019 21:23:25 +0000 r3
Wed, 23 Oct 2019 21:24:36 +0000 r3
Wed, 23 Oct 2019 21:24:36 +0000 r3
Wed, 23 Oct 2019 21:24:36 +0000 r3
Wed, 23 Oct 2019 21:24:36 +0000 r3
Wed, 23 Oct 2019 21:24:36 +0000 r3
Wed, 23 Oct 2019 21:24:38 +0000 r3
Wed, 23 Oct 2019 21:24:38 +0000 r3
Wed, 23 Oct 2019 21:24:38 +0000 r3
Wed, 23 Oct 2019 21:24:38 +0000 r3
Wed, 23 Oct 2019 21:24:38 +0000 r3
Wed, 23 Oct 2019 21:24:40 +0000 r3
Wed, 23 Oct 2019 21:24:40 +0000 r3
Wed, 23 Oct 2019 21:40:08 +0000 r3
Wed, 23 Oct 2019 21:40:09 +0000 r3
Wed, 23 Oct 2019 21:40:09 +0000 r3
Wed, 23 Oct 2019 21:40:10 +0000 r3
Wed, 23 Oct 2019 21:47:27 +0000 r3
Wed, 23 Oct 2019 21:47:27 +0000 r3
Wed, 23 Oct 2019 21:47:27 +0000 r3
Wed, 23 Oct 2019 21:47:28 +0000 r3
Wed, 23 Oct 2019 21:47:28 +0000 r3
Wed, 23 Oct 2019 21:47:29 +0000 r3
Wed, 23 Oct 2019 21:47:29 +0000 r3
Wed, 23 Oct 2019 21:47:30 +0000 r3
Wed, 23 Oct 2019 21:58:10 +0000 r3
Wed, 23 Oct 2019 21:58:11 +0000 r3
Wed, 23 Oct 2019 21:58:11 +0000 r3
Wed, 23 Oct 2019 21:58:11 +0000 r3
Wed, 23 Oct 2019 21:58:12 +0000 r3
Wed, 23 Oct 2019 21:58:12 +0000 r3
Wed, 23 Oct 2019 21:58:12 +0000 r3
Wed, 23 Oct 2019 21:58:13 +0000 r3
Wed, 23 Oct 2019 22:28:49 +0000 r3
Wed, 23 Oct 2019 22:28:51 +0000 r3
Wed, 23 Oct 2019 22:28:54 +0000 r3
Wed, 23 Oct 2019 23:21:35 +0000 r3
Wed, 23 Oct 2019 23:21:35 +0000 r3
Wed, 23 Oct 2019 23:21:35 +0000 r3
Wed, 23 Oct 2019 23:21:35 +0000 r3
Wed, 23 Oct 2019 23:21:35 +0000 r3
Wed, 23 Oct 2019 23:23:13 +0000 r3
Wed, 23 Oct 2019 23:23:13 +0000 r3
Wed, 23 Oct 2019 23:25:49 +0000 r3
Wed, 23 Oct 2019 23:25:49 +0000 r3
Wed, 23 Oct 2019 23:25:49 +0000 r3
Wed, 23 Oct 2019 23:25:49 +0000 r3
Wed, 23 Oct 2019 23:25:49 +0000 r3
Wed, 23 Oct 2019 23:25:56 +0000 r3
Wed, 23 Oct 2019 23:25:56 +0000 r3
Wed, 23 Oct 2019 23:25:56 +0000 r3
Wed, 23 Oct 2019 23:25:56 +0000 r3
Wed, 23 Oct 2019 23:25:56 +0000 r3
Wed, 23 Oct 2019 23:26:13 +0000 r3
Wed, 23 Oct 2019 23:26:13 +0000 r3
Wed, 23 Oct 2019 23:26:13 +0000 r3
Wed, 23 Oct 2019 23:26:13 +0000 r3
Wed, 23 Oct 2019 23:26:13 +0000 r3
Wed, 23 Oct 2019 23:26:58 +0000 r3
Wed, 23 Oct 2019 23:26:58 +0000 r3
Wed, 23 Oct 2019 23:26:58 +0000 r3
Wed, 23 Oct 2019 23:26:58 +0000 r3
Wed, 23 Oct 2019 23:26:58 +0000 r3
Wed, 23 Oct 2019 23:27:27 +0000 r3
Wed, 23 Oct 2019 23:27:27 +0000 r3
Wed, 23 Oct 2019 23:27:44 +0000 r3
Wed, 23 Oct 2019 23:27:44 +0000 r3
Wed, 23 Oct 2019 23:27:44 +0000 r3
Wed, 23 Oct 2019 23:27:44 +0000 r3
Wed, 23 Oct 2019 23:27:44 +0000 r3
Wed, 23 Oct 2019 23:27:50 +0000 r3
Wed, 23 Oct 2019 23:27:51 +0000 r3
Wed, 23 Oct 2019 23:27:51 +0000 r3
Wed, 23 Oct 2019 23:27:52 +0000 r3
Wed, 23 Oct 2019 23:27:52 +0000 r3
Wed, 23 Oct 2019 23:27:52 +0000 r3
Wed, 23 Oct 2019 23:27:53 +0000 r3
Wed, 23 Oct 2019 23:27:53 +0000 r3
Wed, 23 Oct 2019 23:28:17 +0000 r3
Wed, 23 Oct 2019 23:28:17 +0000 r3
Wed, 23 Oct 2019 23:28:17 +0000 r3
Wed, 23 Oct 2019 23:28:17 +0000 r3
Wed, 23 Oct 2019 23:28:17 +0000 r3
Wed, 23 Oct 2019 23:28:24 +0000 r3
Wed, 23 Oct 2019 23:28:24 +0000 r3
Wed, 23 Oct 2019 23:35:58 +0000 r3
Wed, 23 Oct 2019 23:35:58 +0000 r3
Wed, 23 Oct 2019 23:35:58 +0000 r3
Wed, 23 Oct 2019 23:35:59 +0000 r3
Wed, 23 Oct 2019 23:35:59 +0000 r3
Thu, 24 Oct 2019 01:57:44 +0000 r3
Thu, 24 Oct 2019 02:42:43 +0000 r3
Thu, 24 Oct 2019 03:11:24 +0000 r3
Thu, 24 Oct 2019 03:11:24 +0000 r3
Thu, 24 Oct 2019 03:11:28 +0000 r3
Thu, 24 Oct 2019 03:11:28 +0000 r3
Thu, 24 Oct 2019 03:11:28 +0000 r3
Thu, 24 Oct 2019 03:11:29 +0000 r3
Thu, 24 Oct 2019 07:56:32 +0000 r3
Thu, 24 Oct 2019 08:30:48 +0000 r3
Thu, 24 Oct 2019 09:14:49 +0000 r3
Thu, 24 Oct 2019 12:11:52 +0000 r3
Thu, 24 Oct 2019 14:13:55 +0000 r3
Thu, 24 Oct 2019 14:14:46 +0000 r3
Thu, 24 Oct 2019 14:19:05 +0000 r3
Thu, 24 Oct 2019 14:20:30 +0000 r3
Thu, 24 Oct 2019 15:06:50 +0000 r3
Thu, 24 Oct 2019 15:06:50 +0000 r3
Thu, 24 Oct 2019 15:06:51 +0000 r3
Thu, 24 Oct 2019 15:06:51 +0000 r3
Thu, 24 Oct 2019 15:58:26 +0000 r3
Thu, 24 Oct 2019 15:58:27 +0000 r3
Thu, 24 Oct 2019 15:58:27 +0000 r3
Thu, 24 Oct 2019 15:58:28 +0000 r3
Thu, 24 Oct 2019 15:58:29 +0000 r3
Thu, 24 Oct 2019 15:58:29 +0000 r3
Thu, 24 Oct 2019 15:58:30 +0000 r3
Thu, 24 Oct 2019 15:58:30 +0000 r3
Thu, 24 Oct 2019 16:37:23 +0000 r3
Thu, 24 Oct 2019 20:06:11 +0000 r3
Thu, 24 Oct 2019 20:11:18 +0000 r3
Thu, 24 Oct 2019 20:48:04 +0000 r3
Thu, 24 Oct 2019 21:46:57 +0000 r3
Thu, 24 Oct 2019 21:46:58 +0000 r3
Thu, 24 Oct 2019 21:46:59 +0000 r3
Thu, 24 Oct 2019 21:47:00 +0000 r3
Thu, 24 Oct 2019 23:00:46 +0000 r3
Fri, 25 Oct 2019 01:08:08 +0000 r3
Fri, 25 Oct 2019 01:11:57 +0000 r3
Fri, 25 Oct 2019 01:56:46 +0000 r3
Fri, 25 Oct 2019 02:19:42 +0000 r3
Fri, 25 Oct 2019 02:32:25 +0000 r3
Fri, 25 Oct 2019 02:32:25 +0000 r3
Fri, 25 Oct 2019 02:32:26 +0000 r3
Fri, 25 Oct 2019 02:32:27 +0000 r3
Fri, 25 Oct 2019 03:50:04 +0000 r3
Fri, 25 Oct 2019 03:50:04 +0000 r3
Fri, 25 Oct 2019 03:50:05 +0000 r3
Fri, 25 Oct 2019 03:50:05 +0000 r3
Fri, 25 Oct 2019 04:24:35 +0000 r3
Fri, 25 Oct 2019 04:24:36 +0000 r3
Fri, 25 Oct 2019 04:24:36 +0000 r3
Fri, 25 Oct 2019 04:28:04 +0000 r3
Fri, 25 Oct 2019 04:28:05 +0000 r3
Fri, 25 Oct 2019 06:00:44 +0000 r3
Fri, 25 Oct 2019 07:25:12 +0000 r3
Fri, 25 Oct 2019 10:55:00 +0000 r3
Fri, 25 Oct 2019 12:12:09 +0000 r3
Fri, 25 Oct 2019 13:06:57 +0000 r3
Fri, 25 Oct 2019 16:27:26 +0000 r3
Fri, 25 Oct 2019 16:27:27 +0000 r3
Fri, 25 Oct 2019 19:03:37 +0000 r3
Fri, 25 Oct 2019 19:03:38 +0000 r3
Fri, 25 Oct 2019 19:03:38 +0000 r3
Fri, 25 Oct 2019 19:48:33 +0000 r3
Fri, 25 Oct 2019 19:48:33 +0000 r3
Fri, 25 Oct 2019 20:44:48 +0000 r3
Fri, 25 Oct 2019 21:10:46 +0000 r3
Fri, 25 Oct 2019 21:11:48 +0000 r3
Fri, 25 Oct 2019 21:11:48 +0000 r3
Fri, 25 Oct 2019 21:11:49 +0000 r3
Fri, 25 Oct 2019 21:11:49 +0000 r3
Fri, 25 Oct 2019 23:21:32 +0000 r3
Fri, 25 Oct 2019 23:57:58 +0000 r3
Fri, 25 Oct 2019 23:57:59 +0000 r3
Fri, 25 Oct 2019 23:57:59 +0000 r3
Fri, 25 Oct 2019 23:58:00 +0000 r3
Sat, 26 Oct 2019 00:43:07 +0000 r3
Sat, 26 Oct 2019 01:45:05 +0000 r3
Sat, 26 Oct 2019 01:45:06 +0000 r3
Sat, 26 Oct 2019 01:45:06 +0000 r3
Sat, 26 Oct 2019 01:45:06 +0000 r3
Sat, 26 Oct 2019 02:03:47 +0000 r3
Sat, 26 Oct 2019 02:03:48 +0000 r3
Sat, 26 Oct 2019 02:03:48 +0000 r3
Sat, 26 Oct 2019 02:03:48 +0000 r3
Sat, 26 Oct 2019 02:03:49 +0000 r3
Sat, 26 Oct 2019 02:03:50 +0000 r3
Sat, 26 Oct 2019 02:03:50 +0000 r3
Sat, 26 Oct 2019 02:03:50 +0000 r3
Sat, 26 Oct 2019 06:09:46 +0000 r3
Sat, 26 Oct 2019 06:09:48 +0000 r3
Sat, 26 Oct 2019 06:09:49 +0000 r3
Sat, 26 Oct 2019 07:59:46 +0000 r3
Sat, 26 Oct 2019 08:42:53 +0000 r3
Sat, 26 Oct 2019 09:14:58 +0000 r3
Sat, 26 Oct 2019 10:04:16 +0000 r3
Sat, 26 Oct 2019 10:04:16 +0000 r3
Sat, 26 Oct 2019 10:04:16 +0000 r3
Sat, 26 Oct 2019 10:04:17 +0000 r3
Sat, 26 Oct 2019 14:09:37 +0000 r3
Sat, 26 Oct 2019 14:44:26 +0000 r3
Sat, 26 Oct 2019 17:28:02 +0000 r3
Sat, 26 Oct 2019 17:28:02 +0000 r3
Sat, 26 Oct 2019 21:19:31 +0000 r3
Sat, 26 Oct 2019 21:19:32 +0000 r3
Sat, 26 Oct 2019 21:19:32 +0000 r3
Sat, 26 Oct 2019 21:19:32 +0000 r3
Sat, 26 Oct 2019 21:28:24 +0000 r3
Sat, 26 Oct 2019 21:43:51 +0000 r3
Sat, 26 Oct 2019 21:43:51 +0000 r3
Sun, 27 Oct 2019 00:21:44 +0000 r3
Sun, 27 Oct 2019 02:38:36 +0000 r3
Sun, 27 Oct 2019 02:38:37 +0000 r3
Sun, 27 Oct 2019 02:38:37 +0000 r3
Sun, 27 Oct 2019 02:38:37 +0000 r3
Sun, 27 Oct 2019 04:33:06 +0000 r3
Sun, 27 Oct 2019 04:33:06 +0000 r3
Sun, 27 Oct 2019 04:33:06 +0000 r3
Sun, 27 Oct 2019 04:33:07 +0000 r3
Sun, 27 Oct 2019 06:31:29 +0000 r3
Sun, 27 Oct 2019 08:25:44 +0000 r3
Sun, 27 Oct 2019 08:30:33 +0000 r3
Sun, 27 Oct 2019 10:16:18 +0000 r3
Sun, 27 Oct 2019 10:16:22 +0000 r3
Sun, 27 Oct 2019 12:31:17 +0000 r3
Sun, 27 Oct 2019 13:59:22 +0000 r3
Sun, 27 Oct 2019 13:59:23 +0000 r3
Sun, 27 Oct 2019 13:59:24 +0000 r3
Sun, 27 Oct 2019 15:33:05 +0000 r3
Sun, 27 Oct 2019 15:33:06 +0000 r3
Sun, 27 Oct 2019 15:33:06 +0000 r3
Sun, 27 Oct 2019 15:33:06 +0000 r3
Sun, 27 Oct 2019 16:26:11 +0000 r3
Sun, 27 Oct 2019 18:14:48 +0000 r3
Sun, 27 Oct 2019 18:14:48 +0000 r3
Sun, 27 Oct 2019 18:14:49 +0000 r3
Sun, 27 Oct 2019 18:14:49 +0000 r3
Sun, 27 Oct 2019 18:46:30 +0000 r3
Sun, 27 Oct 2019 18:46:30 +0000 r3
Sun, 27 Oct 2019 18:46:30 +0000 r3
Sun, 27 Oct 2019 18:46:31 +0000 r3
Sun, 27 Oct 2019 18:46:31 +0000 r3
Sun, 27 Oct 2019 18:46:32 +0000 r3
Sun, 27 Oct 2019 18:46:32 +0000 r3
Sun, 27 Oct 2019 18:46:32 +0000 r3
Sun, 27 Oct 2019 20:04:30 +0000 r3
Sun, 27 Oct 2019 23:37:17 +0000 r3
Sun, 27 Oct 2019 23:37:17 +0000 r3
Sun, 27 Oct 2019 23:37:18 +0000 r3
Sun, 27 Oct 2019 23:37:18 +0000 r3
Mon, 28 Oct 2019 01:51:16 +0000 r3
Mon, 28 Oct 2019 01:51:16 +0000 r3
Mon, 28 Oct 2019 01:51:16 +0000 r3
Mon, 28 Oct 2019 01:51:17 +0000 r3
Mon, 28 Oct 2019 02:04:56 +0000 r3
Mon, 28 Oct 2019 02:04:56 +0000 r3
Mon, 28 Oct 2019 02:04:56 +0000 r3
Mon, 28 Oct 2019 02:04:57 +0000 r3
Mon, 28 Oct 2019 02:04:57 +0000 r3
Mon, 28 Oct 2019 02:04:58 +0000 r3
Mon, 28 Oct 2019 02:04:58 +0000 r3
Mon, 28 Oct 2019 02:04:58 +0000 r3
Mon, 28 Oct 2019 02:11:52 +0000 r3
Mon, 28 Oct 2019 02:11:52 +0000 r3
Mon, 28 Oct 2019 02:11:52 +0000 r3
Mon, 28 Oct 2019 02:11:52 +0000 r3
Mon, 28 Oct 2019 02:35:59 +0000 r3
Mon, 28 Oct 2019 02:41:19 +0000 r3
Mon, 28 Oct 2019 02:41:19 +0000 r3
Mon, 28 Oct 2019 02:41:19 +0000 r3
Mon, 28 Oct 2019 02:41:20 +0000 r3
Mon, 28 Oct 2019 02:41:20 +0000 r3
Mon, 28 Oct 2019 02:41:20 +0000 r3
Mon, 28 Oct 2019 02:41:21 +0000 r3
Mon, 28 Oct 2019 02:41:21 +0000 r3
Mon, 28 Oct 2019 03:55:24 +0000 r3
Mon, 28 Oct 2019 03:59:03 +0000 r3
Mon, 28 Oct 2019 04:23:39 +0000 r3
Mon, 28 Oct 2019 04:23:39 +0000 r3
Mon, 28 Oct 2019 04:23:40 +0000 r3
Mon, 28 Oct 2019 04:23:40 +0000 r3
Mon, 28 Oct 2019 08:11:09 +0000 r3
Mon, 28 Oct 2019 08:24:53 +0000 r3
Mon, 28 Oct 2019 10:02:32 +0000 r3
Mon, 28 Oct 2019 10:50:13 +0000 r3
Mon, 28 Oct 2019 11:01:56 +0000 r3
Mon, 28 Oct 2019 11:02:04 +0000 r3
Mon, 28 Oct 2019 11:02:07 +0000 r3
Mon, 28 Oct 2019 13:05:05 +0000 r3
Mon, 28 Oct 2019 13:05:05 +0000 r3
Mon, 28 Oct 2019 13:05:05 +0000 r3
Mon, 28 Oct 2019 13:05:06 +0000 r3
Mon, 28 Oct 2019 14:00:19 +0000 r3
Mon, 28 Oct 2019 17:11:04 +0000 r3
Mon, 28 Oct 2019 18:28:29 +0000 r3
Mon, 28 Oct 2019 18:28:30 +0000 r3
Mon, 28 Oct 2019 18:28:30 +0000 r3
Mon, 28 Oct 2019 18:28:31 +0000 r3
Mon, 28 Oct 2019 19:13:06 +0000 r3
Mon, 28 Oct 2019 19:13:07 +0000 r3
Mon, 28 Oct 2019 19:13:07 +0000 r3
Mon, 28 Oct 2019 19:13:07 +0000 r3
Mon, 28 Oct 2019 19:13:08 +0000 r3
Mon, 28 Oct 2019 19:13:08 +0000 r3
Mon, 28 Oct 2019 19:13:09 +0000 r3
Mon, 28 Oct 2019 19:13:09 +0000 r3
Mon, 28 Oct 2019 19:23:34 +0000 r3
Mon, 28 Oct 2019 20:59:56 +0000 r3
Mon, 28 Oct 2019 23:28:58 +0000 r3
Mon, 28 Oct 2019 23:28:58 +0000 r3
Mon, 28 Oct 2019 23:29:00 +0000 r3
Mon, 28 Oct 2019 23:29:01 +0000 r3
Mon, 28 Oct 2019 23:29:01 +0000 r3
Mon, 28 Oct 2019 23:29:07 +0000 r3
Mon, 28 Oct 2019 23:29:08 +0000 r3
Mon, 28 Oct 2019 23:29:08 +0000 r3
Mon, 28 Oct 2019 23:29:09 +0000 r3
Mon, 28 Oct 2019 23:29:09 +0000 r3
Mon, 28 Oct 2019 23:29:09 +0000 r3
Tue, 29 Oct 2019 00:51:41 +0000 r3
Tue, 29 Oct 2019 00:51:42 +0000 r3
Tue, 29 Oct 2019 00:51:45 +0000 r3
Tue, 29 Oct 2019 00:51:45 +0000 r3
Tue, 29 Oct 2019 00:51:46 +0000 r3
Tue, 29 Oct 2019 00:51:46 +0000 r3
Tue, 29 Oct 2019 00:59:46 +0000 r3
Tue, 29 Oct 2019 00:59:47 +0000 r3
Tue, 29 Oct 2019 00:59:47 +0000 r3
Tue, 29 Oct 2019 00:59:47 +0000 r3
Tue, 29 Oct 2019 00:59:48 +0000 r3
Tue, 29 Oct 2019 00:59:48 +0000 r3
Tue, 29 Oct 2019 00:59:49 +0000 r3
Tue, 29 Oct 2019 00:59:49 +0000 r3
Tue, 29 Oct 2019 01:15:24 +0000 r3
Tue, 29 Oct 2019 01:15:24 +0000 r3
Tue, 29 Oct 2019 01:15:25 +0000 r3
Tue, 29 Oct 2019 01:15:25 +0000 r3
Tue, 29 Oct 2019 01:15:26 +0000 r3
Tue, 29 Oct 2019 01:15:26 +0000 r3
Tue, 29 Oct 2019 01:15:26 +0000 r3
Tue, 29 Oct 2019 01:15:26 +0000 r3
Tue, 29 Oct 2019 01:59:45 +0000 r3
Tue, 29 Oct 2019 01:59:46 +0000 r3
Tue, 29 Oct 2019 01:59:46 +0000 r3
Tue, 29 Oct 2019 01:59:47 +0000 r3
Tue, 29 Oct 2019 01:59:47 +0000 r3
Tue, 29 Oct 2019 01:59:47 +0000 r3
Tue, 29 Oct 2019 02:09:45 +0000 r3
Tue, 29 Oct 2019 02:09:46 +0000 r3
Tue, 29 Oct 2019 02:09:46 +0000 r3
Tue, 29 Oct 2019 02:09:46 +0000 r3
Tue, 29 Oct 2019 02:09:48 +0000 r3
Tue, 29 Oct 2019 02:09:48 +0000 r3
Tue, 29 Oct 2019 02:09:48 +0000 r3
Tue, 29 Oct 2019 02:09:49 +0000 r3
Tue, 29 Oct 2019 03:16:20 +0000 r3
Tue, 29 Oct 2019 04:03:36 +0000 r3
Tue, 29 Oct 2019 04:05:46 +0000 r3
Tue, 29 Oct 2019 04:06:15 +0000 r3
Tue, 29 Oct 2019 04:07:06 +0000 r3
Tue, 29 Oct 2019 05:09:15 +0000 r3
Tue, 29 Oct 2019 05:09:16 +0000 r3
Tue, 29 Oct 2019 05:09:18 +0000 r3
Tue, 29 Oct 2019 05:09:20 +0000 r3
Tue, 29 Oct 2019 12:06:41 +0000 r3
Tue, 29 Oct 2019 12:06:42 +0000 r3
Tue, 29 Oct 2019 12:06:45 +0000 r3
Tue, 29 Oct 2019 12:06:46 +0000 r3
Tue, 29 Oct 2019 12:06:46 +0000 r3
Tue, 29 Oct 2019 12:06:46 +0000 r3
Tue, 29 Oct 2019 12:12:27 +0000 r3
Tue, 29 Oct 2019 12:12:27 +0000 r3
Tue, 29 Oct 2019 12:12:28 +0000 r3
Tue, 29 Oct 2019 12:12:28 +0000 r3
Tue, 29 Oct 2019 12:12:29 +0000 r3
Tue, 29 Oct 2019 12:12:30 +0000 r3
Tue, 29 Oct 2019 12:12:30 +0000 r3
Tue, 29 Oct 2019 12:12:31 +0000 r3
Tue, 29 Oct 2019 17:23:54 +0000 r3
Tue, 29 Oct 2019 17:23:55 +0000 r3
Tue, 29 Oct 2019 17:23:55 +0000 r3
Tue, 29 Oct 2019 17:23:56 +0000 r3
Tue, 29 Oct 2019 19:01:43 +0000 r3
Tue, 29 Oct 2019 19:12:52 +0000 r3
Tue, 29 Oct 2019 19:12:52 +0000 r3
Tue, 29 Oct 2019 19:12:52 +0000 r3
Tue, 29 Oct 2019 19:12:53 +0000 r3
Tue, 29 Oct 2019 22:43:26 +0000 r3
Tue, 29 Oct 2019 22:43:27 +0000 r3
Tue, 29 Oct 2019 22:43:27 +0000 r3
Tue, 29 Oct 2019 22:43:27 +0000 r3
Tue, 29 Oct 2019 23:01:26 +0000 r3
Tue, 29 Oct 2019 23:01:27 +0000 r3
Tue, 29 Oct 2019 23:01:27 +0000 r3
Tue, 29 Oct 2019 23:01:27 +0000 r3
Tue, 29 Oct 2019 23:01:28 +0000 r3
Tue, 29 Oct 2019 23:01:29 +0000 r3
Tue, 29 Oct 2019 23:01:29 +0000 r3
Tue, 29 Oct 2019 23:01:29 +0000 r3
Tue, 29 Oct 2019 23:29:23 +0000 r3
Wed, 30 Oct 2019 01:11:29 +0000 r3
Wed, 30 Oct 2019 01:11:29 +0000 r3
Wed, 30 Oct 2019 01:11:32 +0000 r3
Wed, 30 Oct 2019 01:11:32 +0000 r3
Wed, 30 Oct 2019 01:11:33 +0000 r3
Wed, 30 Oct 2019 01:11:33 +0000 r3
Wed, 30 Oct 2019 01:38:59 +0000 r3
Wed, 30 Oct 2019 01:38:59 +0000 r3
Wed, 30 Oct 2019 01:38:59 +0000 r3
Wed, 30 Oct 2019 01:39:00 +0000 r3
Wed, 30 Oct 2019 01:39:00 +0000 r3
Wed, 30 Oct 2019 01:39:00 +0000 r3
Wed, 30 Oct 2019 01:39:01 +0000 r3
Wed, 30 Oct 2019 01:39:01 +0000 r3
Wed, 30 Oct 2019 02:44:20 +0000 r3
Wed, 30 Oct 2019 02:47:04 +0000 r3
Wed, 30 Oct 2019 03:10:30 +0000 r3
Wed, 30 Oct 2019 06:57:55 +0000 r3
Wed, 30 Oct 2019 08:45:52 +0000 r3
Wed, 30 Oct 2019 10:12:46 +0000 r3
Wed, 30 Oct 2019 10:12:46 +0000 r3
Wed, 30 Oct 2019 10:12:46 +0000 r3
Wed, 30 Oct 2019 10:12:47 +0000 r3
Wed, 30 Oct 2019 11:26:55 +0000 r3
Wed, 30 Oct 2019 11:26:56 +0000 r3
Wed, 30 Oct 2019 11:26:56 +0000 r3
Wed, 30 Oct 2019 11:26:56 +0000 r3
Wed, 30 Oct 2019 11:26:57 +0000 r3
Wed, 30 Oct 2019 11:26:57 +0000 r3
Wed, 30 Oct 2019 11:26:58 +0000 r3
Wed, 30 Oct 2019 11:26:58 +0000 r3
Wed, 30 Oct 2019 11:32:55 +0000 r3
Wed, 30 Oct 2019 11:32:56 +0000 r3
Wed, 30 Oct 2019 11:32:56 +0000 r3
Wed, 30 Oct 2019 11:32:56 +0000 r3
Wed, 30 Oct 2019 13:59:42 +0000 r3
Wed, 30 Oct 2019 13:59:42 +0000 r3
Wed, 30 Oct 2019 14:13:29 +0000 r3
Wed, 30 Oct 2019 14:13:29 +0000 r3
Wed, 30 Oct 2019 14:13:30 +0000 r3
Wed, 30 Oct 2019 14:13:30 +0000 r3
Wed, 30 Oct 2019 14:40:56 +0000 r3
Wed, 30 Oct 2019 15:11:47 +0000 r3
Wed, 30 Oct 2019 15:11:47 +0000 r3
Wed, 30 Oct 2019 15:11:48 +0000 r3
Wed, 30 Oct 2019 15:11:48 +0000 r3
Wed, 30 Oct 2019 15:11:49 +0000 r3
Wed, 30 Oct 2019 15:11:50 +0000 r3
Wed, 30 Oct 2019 15:11:50 +0000 r3
Wed, 30 Oct 2019 15:11:50 +0000 r3
Wed, 30 Oct 2019 15:32:18 +0000 r3
Wed, 30 Oct 2019 15:32:19 +0000 r3
Wed, 30 Oct 2019 15:32:19 +0000 r3
Wed, 30 Oct 2019 15:32:20 +0000 r3
Wed, 30 Oct 2019 20:22:50 +0000 r3
Wed, 30 Oct 2019 20:37:46 +0000 r3
Wed, 30 Oct 2019 20:37:46 +0000 r3
Wed, 30 Oct 2019 20:37:46 +0000 r3
Wed, 30 Oct 2019 20:37:46 +0000 r3
Wed, 30 Oct 2019 20:37:46 +0000 r3
Wed, 30 Oct 2019 20:37:56 +0000 r3
Wed, 30 Oct 2019 20:37:56 +0000 r3
Wed, 30 Oct 2019 22:01:45 +0000 r3
Wed, 30 Oct 2019 22:01:46 +0000 r3
Wed, 30 Oct 2019 22:01:46 +0000 r3
Wed, 30 Oct 2019 22:01:47 +0000 r3
Wed, 30 Oct 2019 22:24:35 +0000 r3
Wed, 30 Oct 2019 22:24:35 +0000 r3
Wed, 30 Oct 2019 22:24:37 +0000 r3
Wed, 30 Oct 2019 22:24:37 +0000 r3
Wed, 30 Oct 2019 22:24:39 +0000 r3
Wed, 30 Oct 2019 22:24:40 +0000 r3
Wed, 30 Oct 2019 22:24:42 +0000 r3
Wed, 30 Oct 2019 22:24:43 +0000 r3
Wed, 30 Oct 2019 22:28:18 +0000 r3
Wed, 30 Oct 2019 22:28:18 +0000 r3
Wed, 30 Oct 2019 22:28:19 +0000 r3
Wed, 30 Oct 2019 22:28:30 +0000 r3
Wed, 30 Oct 2019 22:28:38 +0000 r3
Wed, 30 Oct 2019 22:28:39 +0000 r3
Wed, 30 Oct 2019 22:28:40 +0000 r3
Wed, 30 Oct 2019 22:28:43 +0000 r3
Wed, 30 Oct 2019 22:48:42 +0000 r3
Wed, 30 Oct 2019 22:48:44 +0000 r3
Wed, 30 Oct 2019 22:48:44 +0000 r3
Wed, 30 Oct 2019 22:48:45 +0000 r3
Wed, 30 Oct 2019 22:48:46 +0000 r3
Wed, 30 Oct 2019 22:48:47 +0000 r3
Wed, 30 Oct 2019 22:48:49 +0000 r3
Wed, 30 Oct 2019 22:48:51 +0000 r3
Wed, 30 Oct 2019 23:56:26 +0000 r3
Thu, 31 Oct 2019 00:49:28 +0000 r3
Thu, 31 Oct 2019 00:49:29 +0000 r3
Thu, 31 Oct 2019 00:49:30 +0000 r3
Thu, 31 Oct 2019 00:49:30 +0000 r3
Thu, 31 Oct 2019 01:18:37 +0000 r3
Thu, 31 Oct 2019 01:45:54 +0000 r3
Thu, 31 Oct 2019 02:30:29 +0000 r3
Thu, 31 Oct 2019 02:30:29 +0000 r3
Thu, 31 Oct 2019 02:30:30 +0000 r3
Thu, 31 Oct 2019 02:30:30 +0000 r3
Thu, 31 Oct 2019 04:17:22 +0000 r3
Thu, 31 Oct 2019 04:17:24 +0000 r3
Thu, 31 Oct 2019 04:17:27 +0000 r3
Thu, 31 Oct 2019 04:17:30 +0000 r3
Thu, 31 Oct 2019 04:17:32 +0000 r3
Thu, 31 Oct 2019 04:17:35 +0000 r3
Thu, 31 Oct 2019 04:17:37 +0000 r3
Thu, 31 Oct 2019 12:04:13 +0000 r3
Thu, 31 Oct 2019 12:04:13 +0000 r3
Thu, 31 Oct 2019 12:04:18 +0000 r3
Thu, 31 Oct 2019 12:04:19 +0000 r3
Thu, 31 Oct 2019 12:04:19 +0000 r3
Thu, 31 Oct 2019 12:04:20 +0000 r3
Thu, 31 Oct 2019 14:02:07 +0000 r3
Thu, 31 Oct 2019 14:02:08 +0000 r3
Thu, 31 Oct 2019 14:02:10 +0000 r3
Thu, 31 Oct 2019 14:02:12 +0000 r3
Thu, 31 Oct 2019 14:13:26 +0000 r3
Thu, 31 Oct 2019 14:13:26 +0000 r3
Thu, 31 Oct 2019 14:13:27 +0000 r3
Thu, 31 Oct 2019 14:13:27 +0000 r3
Thu, 31 Oct 2019 14:13:29 +0000 r3
Thu, 31 Oct 2019 14:13:29 +0000 r3
Thu, 31 Oct 2019 14:13:29 +0000 r3
Thu, 31 Oct 2019 14:13:29 +0000 r3
Thu, 31 Oct 2019 15:06:55 +0000 r3
Thu, 31 Oct 2019 15:06:58 +0000 r3
Thu, 31 Oct 2019 15:07:46 +0000 r3
Thu, 31 Oct 2019 17:10:52 +0000 r3
Thu, 31 Oct 2019 17:10:52 +0000 r3
Thu, 31 Oct 2019 17:10:56 +0000 r3
Thu, 31 Oct 2019 17:10:56 +0000 r3
Thu, 31 Oct 2019 17:10:56 +0000 r3
Thu, 31 Oct 2019 17:10:57 +0000 r3
Thu, 31 Oct 2019 17:17:21 +0000 r3
Thu, 31 Oct 2019 17:17:22 +0000 r3
Thu, 31 Oct 2019 17:17:23 +0000 r3
Thu, 31 Oct 2019 17:17:24 +0000 r3
Thu, 31 Oct 2019 17:17:31 +0000 r3
Thu, 31 Oct 2019 17:17:32 +0000 r3
Thu, 31 Oct 2019 17:17:34 +0000 r3
Thu, 31 Oct 2019 20:08:13 +0000 r3
Thu, 31 Oct 2019 20:08:23 +0000 r3
Thu, 31 Oct 2019 20:08:24 +0000 r3
Thu, 31 Oct 2019 20:10:42 +0000 r3
Thu, 31 Oct 2019 20:15:01 +0000 r3
Thu, 31 Oct 2019 20:19:24 +0000 r3
Thu, 31 Oct 2019 20:20:40 +0000 r3
Thu, 31 Oct 2019 20:30:22 +0000 r3
Thu, 31 Oct 2019 20:30:28 +0000 r3
Thu, 31 Oct 2019 20:31:51 +0000 r3
Thu, 31 Oct 2019 22:40:33 +0000 r3
Thu, 31 Oct 2019 22:40:33 +0000 r3
Thu, 31 Oct 2019 22:40:33 +0000 r3
Thu, 31 Oct 2019 22:40:34 +0000 r3
Thu, 31 Oct 2019 22:52:29 +0000 r3
Thu, 31 Oct 2019 22:52:44 +0000 r3
Thu, 31 Oct 2019 22:52:49 +0000 r3
Thu, 31 Oct 2019 22:53:46 +0000 r3
Thu, 31 Oct 2019 22:54:58 +0000 r3
Thu, 31 Oct 2019 23:25:55 +0000 r3
Thu, 31 Oct 2019 23:30:23 +0000 r3
Fri, 01 Nov 2019 00:50:24 +0000 r3
Fri, 01 Nov 2019 01:31:48 +0000 r3
Fri, 01 Nov 2019 01:31:49 +0000 r3
Fri, 01 Nov 2019 01:31:49 +0000 r3
Fri, 01 Nov 2019 01:31:49 +0000 r3
Fri, 01 Nov 2019 02:27:10 +0000 r3
Fri, 01 Nov 2019 02:27:10 +0000 r3
Fri, 01 Nov 2019 02:57:41 +0000 r3
Fri, 01 Nov 2019 02:57:43 +0000 r3
Fri, 01 Nov 2019 04:46:55 +0000 r3
Fri, 01 Nov 2019 06:40:04 +0000 r3
Fri, 01 Nov 2019 06:40:13 +0000 r3
Fri, 01 Nov 2019 06:40:21 +0000 r3
Fri, 01 Nov 2019 06:40:28 +0000 r3
Fri, 01 Nov 2019 06:40:37 +0000 r3
Fri, 01 Nov 2019 06:40:50 +0000 r3
Fri, 01 Nov 2019 06:40:58 +0000 r3
Fri, 01 Nov 2019 10:57:49 +0000 r3
Fri, 01 Nov 2019 14:20:42 +0000 r3
Fri, 01 Nov 2019 15:34:51 +0000 r3
Fri, 01 Nov 2019 18:03:36 +0000 r3
Fri, 01 Nov 2019 18:38:43 +0000 r3
Fri, 01 Nov 2019 18:38:44 +0000 r3
Fri, 01 Nov 2019 18:38:44 +0000 r3
Fri, 01 Nov 2019 18:38:45 +0000 r3
Fri, 01 Nov 2019 20:14:38 +0000 r3
Fri, 01 Nov 2019 20:14:38 +0000 r3
Fri, 01 Nov 2019 20:14:39 +0000 r3
Fri, 01 Nov 2019 20:14:39 +0000 r3
Fri, 01 Nov 2019 20:14:39 +0000 r3
Fri, 01 Nov 2019 20:14:40 +0000 r3
Fri, 01 Nov 2019 20:14:40 +0000 r3
Fri, 01 Nov 2019 20:14:40 +0000 r3
Fri, 01 Nov 2019 20:24:36 +0000 r3
Fri, 01 Nov 2019 20:24:38 +0000 r3
Fri, 01 Nov 2019 20:24:41 +0000 r3
Fri, 01 Nov 2019 20:40:26 +0000 r3
Fri, 01 Nov 2019 21:05:49 +0000 r3
Fri, 01 Nov 2019 21:05:50 +0000 r3
Fri, 01 Nov 2019 21:06:04 +0000 r3
Fri, 01 Nov 2019 21:06:10 +0000 r3
Fri, 01 Nov 2019 21:06:20 +0000 r3
Fri, 01 Nov 2019 21:06:27 +0000 r3
Fri, 01 Nov 2019 21:17:22 +0000 r3
Fri, 01 Nov 2019 21:26:24 +0000 r3
Fri, 01 Nov 2019 21:26:26 +0000 r3
Fri, 01 Nov 2019 21:26:28 +0000 r3
Fri, 01 Nov 2019 21:26:29 +0000 r3
Fri, 01 Nov 2019 21:26:31 +0000 r3
Fri, 01 Nov 2019 21:26:32 +0000 r3
Fri, 01 Nov 2019 21:26:33 +0000 r3
Fri, 01 Nov 2019 21:26:34 +0000 r3
Fri, 01 Nov 2019 21:26:52 +0000 r3
Fri, 01 Nov 2019 21:27:18 +0000 r3
Fri, 01 Nov 2019 21:27:44 +0000 r3
Fri, 01 Nov 2019 21:28:02 +0000 r3
Fri, 01 Nov 2019 21:28:27 +0000 r3
Fri, 01 Nov 2019 21:28:45 +0000 r3
Fri, 01 Nov 2019 21:29:00 +0000 r3
Fri, 01 Nov 2019 21:29:15 +0000 r3
Fri, 01 Nov 2019 21:29:25 +0000 r3
Fri, 01 Nov 2019 21:29:39 +0000 r3
Fri, 01 Nov 2019 21:29:45 +0000 r3
Fri, 01 Nov 2019 21:29:54 +0000 r3
Sat, 02 Nov 2019 00:07:35 +0000 r3
Sat, 02 Nov 2019 02:05:32 +0000 r3
Sat, 02 Nov 2019 04:42:09 +0000 r3
Sat, 02 Nov 2019 04:42:10 +0000 r3
Sat, 02 Nov 2019 04:42:10 +0000 r3
Sat, 02 Nov 2019 04:42:10 +0000 r3
Sat, 02 Nov 2019 07:54:10 +0000 r3
Sat, 02 Nov 2019 09:54:50 +0000 r3
Sat, 02 Nov 2019 12:21:56 +0000 r3
Sat, 02 Nov 2019 13:42:26 +0000 r3
Sat, 02 Nov 2019 13:42:26 +0000 r3
Sat, 02 Nov 2019 16:14:41 +0000 r3
Sat, 02 Nov 2019 17:01:21 +0000 r3
Sat, 02 Nov 2019 17:57:30 +0000 r3
Sun, 03 Nov 2019 04:16:53 +0000 r3
Sun, 03 Nov 2019 04:53:36 +0000 r3
Sun, 03 Nov 2019 13:45:05 +0000 r3
Sun, 03 Nov 2019 17:18:50 +0000 r3
Sun, 03 Nov 2019 17:45:47 +0000 r3
Mon, 04 Nov 2019 02:07:19 +0000 r3
Mon, 04 Nov 2019 02:07:33 +0000 r3
Mon, 04 Nov 2019 02:12:06 +0000 r3
Mon, 04 Nov 2019 02:40:58 +0000 r3
Mon, 04 Nov 2019 05:48:39 +0000 r3
Mon, 04 Nov 2019 05:48:42 +0000 r3
Mon, 04 Nov 2019 11:54:34 +0000 r3
Mon, 04 Nov 2019 12:12:25 +0000 r3
Mon, 04 Nov 2019 14:36:02 +0000 r3
Mon, 04 Nov 2019 14:56:48 +0000 r3
Mon, 04 Nov 2019 14:56:48 +0000 r3
Mon, 04 Nov 2019 14:56:48 +0000 r3
Mon, 04 Nov 2019 14:56:48 +0000 r3
Mon, 04 Nov 2019 14:56:48 +0000 r3
Mon, 04 Nov 2019 14:56:48 +0000 r3
Mon, 04 Nov 2019 14:56:48 +0000 r3
Mon, 04 Nov 2019 14:57:23 +0000 r3
Mon, 04 Nov 2019 14:57:23 +0000 r3
Mon, 04 Nov 2019 14:57:24 +0000 r3
Mon, 04 Nov 2019 14:57:24 +0000 r3
Mon, 04 Nov 2019 14:57:27 +0000 r3
Mon, 04 Nov 2019 14:57:27 +0000 r3
Mon, 04 Nov 2019 14:57:27 +0000 r3
Mon, 04 Nov 2019 14:57:27 +0000 r3
Mon, 04 Nov 2019 14:57:27 +0000 r3
Mon, 04 Nov 2019 14:57:27 +0000 r3
Mon, 04 Nov 2019 14:57:27 +0000 r3
Mon, 04 Nov 2019 14:57:27 +0000 r3
Mon, 04 Nov 2019 14:57:27 +0000 r3
Mon, 04 Nov 2019 14:57:27 +0000 r3
Mon, 04 Nov 2019 14:57:27 +0000 r3
Mon, 04 Nov 2019 17:32:36 +0000 r3
Mon, 04 Nov 2019 17:32:36 +0000 r3
Mon, 04 Nov 2019 23:45:37 +0000 r3
Mon, 04 Nov 2019 23:45:38 +0000 r3
Mon, 04 Nov 2019 23:45:38 +0000 r3
Mon, 04 Nov 2019 23:45:38 +0000 r3
Mon, 04 Nov 2019 23:47:25 +0000 r3
Mon, 04 Nov 2019 23:47:26 +0000 r3
Tue, 05 Nov 2019 00:19:10 +0000 r3
Tue, 05 Nov 2019 00:45:37 +0000 r3
Tue, 05 Nov 2019 00:45:37 +0000 r3
Tue, 05 Nov 2019 00:45:37 +0000 r3
Tue, 05 Nov 2019 00:45:37 +0000 r3
Tue, 05 Nov 2019 02:08:58 +0000 r3
Tue, 05 Nov 2019 02:12:06 +0000 r3
Tue, 05 Nov 2019 05:42:05 +0000 r3
Tue, 05 Nov 2019 06:09:34 +0000 r3
Tue, 05 Nov 2019 13:29:45 +0000 r3
Tue, 05 Nov 2019 15:00:50 +0000 r3
Tue, 05 Nov 2019 15:00:50 +0000 r3
Tue, 05 Nov 2019 15:00:51 +0000 r3
Tue, 05 Nov 2019 15:00:51 +0000 r3
Tue, 05 Nov 2019 15:04:00 +0000 r3
Tue, 05 Nov 2019 15:04:01 +0000 r3
Tue, 05 Nov 2019 15:21:43 +0000 r3
Tue, 05 Nov 2019 15:39:09 +0000 r3
Tue, 05 Nov 2019 16:32:40 +0000 r3
Tue, 05 Nov 2019 16:32:40 +0000 r3
Tue, 05 Nov 2019 16:32:40 +0000 r3
Tue, 05 Nov 2019 16:32:41 +0000 r3
Tue, 05 Nov 2019 16:32:41 +0000 r3
Tue, 05 Nov 2019 16:34:13 +0000 r3
Tue, 05 Nov 2019 16:34:18 +0000 r3
Tue, 05 Nov 2019 16:34:24 +0000 r3
Tue, 05 Nov 2019 17:12:14 +0000 r3
Tue, 05 Nov 2019 17:12:15 +0000 r3
Tue, 05 Nov 2019 18:35:44 +0000 r3
Tue, 05 Nov 2019 18:35:45 +0000 r3
Tue, 05 Nov 2019 18:35:45 +0000 r3
Tue, 05 Nov 2019 18:35:45 +0000 r3
Tue, 05 Nov 2019 19:11:44 +0000 r3
Tue, 05 Nov 2019 19:11:44 +0000 r3
Tue, 05 Nov 2019 20:11:45 +0000 r3
Tue, 05 Nov 2019 20:11:45 +0000 r3
Tue, 05 Nov 2019 22:03:16 +0000 r3
Tue, 05 Nov 2019 22:03:19 +0000 r3
Tue, 05 Nov 2019 22:03:19 +0000 r3
Tue, 05 Nov 2019 22:03:21 +0000 r3
Wed, 06 Nov 2019 02:55:01 +0000 r3
Wed, 06 Nov 2019 03:05:14 +0000 r3
Wed, 06 Nov 2019 03:25:14 +0000 r3
Wed, 06 Nov 2019 03:25:50 +0000 r3
Wed, 06 Nov 2019 03:25:51 +0000 r3
Wed, 06 Nov 2019 03:25:51 +0000 r3
Wed, 06 Nov 2019 03:25:54 +0000 r3
Wed, 06 Nov 2019 03:31:16 +0000 r3
Wed, 06 Nov 2019 03:31:17 +0000 r3
Wed, 06 Nov 2019 03:31:17 +0000 r3
Wed, 06 Nov 2019 03:31:17 +0000 r3
Wed, 06 Nov 2019 03:31:18 +0000 r3
Wed, 06 Nov 2019 03:31:18 +0000 r3
Wed, 06 Nov 2019 03:31:19 +0000 r3
Wed, 06 Nov 2019 03:31:19 +0000 r3
Wed, 06 Nov 2019 05:57:52 +0000 r3
Wed, 06 Nov 2019 06:27:03 +0000 r3
Wed, 06 Nov 2019 06:27:10 +0000 r3
Wed, 06 Nov 2019 09:46:22 +0000 r3
Wed, 06 Nov 2019 09:47:01 +0000 r3
Wed, 06 Nov 2019 09:47:03 +0000 r3
Wed, 06 Nov 2019 13:41:26 +0000 r3
Wed, 06 Nov 2019 16:47:43 +0000 r3
Wed, 06 Nov 2019 17:35:10 +0000 r3
Wed, 06 Nov 2019 17:35:11 +0000 r3
Wed, 06 Nov 2019 17:35:11 +0000 r3
Wed, 06 Nov 2019 17:35:11 +0000 r3
Wed, 06 Nov 2019 18:07:56 +0000 r3
Wed, 06 Nov 2019 18:07:56 +0000 r3
Wed, 06 Nov 2019 18:07:57 +0000 r3
Wed, 06 Nov 2019 18:07:57 +0000 r3
Wed, 06 Nov 2019 18:07:58 +0000 r3
Wed, 06 Nov 2019 18:07:58 +0000 r3
Wed, 06 Nov 2019 18:07:59 +0000 r3
Wed, 06 Nov 2019 18:07:59 +0000 r3
Wed, 06 Nov 2019 19:10:18 +0000 r3
Wed, 06 Nov 2019 19:16:30 +0000 r3
Wed, 06 Nov 2019 19:16:31 +0000 r3
Wed, 06 Nov 2019 19:16:31 +0000 r3
Wed, 06 Nov 2019 19:16:31 +0000 r3
Wed, 06 Nov 2019 19:16:32 +0000 r3
Wed, 06 Nov 2019 19:16:32 +0000 r3
Wed, 06 Nov 2019 19:16:32 +0000 r3
Wed, 06 Nov 2019 19:16:33 +0000 r3
Wed, 06 Nov 2019 19:50:01 +0000 r3
Wed, 06 Nov 2019 19:59:39 +0000 r3
Wed, 06 Nov 2019 19:59:40 +0000 r3
Wed, 06 Nov 2019 19:59:40 +0000 r3
Wed, 06 Nov 2019 19:59:41 +0000 r3
Wed, 06 Nov 2019 19:59:41 +0000 r3
Wed, 06 Nov 2019 19:59:41 +0000 r3
Wed, 06 Nov 2019 21:01:09 +0000 r3
Wed, 06 Nov 2019 21:01:10 +0000 r3
Wed, 06 Nov 2019 23:37:26 +0000 r3
Wed, 06 Nov 2019 23:54:07 +0000 r3
Thu, 07 Nov 2019 02:05:42 +0000 r3
Thu, 07 Nov 2019 02:30:50 +0000 r3
Thu, 07 Nov 2019 13:30:17 +0000 r3
Thu, 07 Nov 2019 13:30:17 +0000 r3
Thu, 07 Nov 2019 13:30:18 +0000 r3
Thu, 07 Nov 2019 13:30:18 +0000 r3
Thu, 07 Nov 2019 15:12:37 +0000 r3
Thu, 07 Nov 2019 16:48:57 +0000 r3
Thu, 07 Nov 2019 17:08:00 +0000 r3
Thu, 07 Nov 2019 17:08:01 +0000 r3
Thu, 07 Nov 2019 17:08:01 +0000 r3
Thu, 07 Nov 2019 17:08:01 +0000 r3
Thu, 07 Nov 2019 17:27:40 +0000 r3
Thu, 07 Nov 2019 17:27:41 +0000 r3
Thu, 07 Nov 2019 18:52:53 +0000 r3
Fri, 08 Nov 2019 00:05:53 +0000 r3
Fri, 08 Nov 2019 00:18:13 +0000 r3
Fri, 08 Nov 2019 00:18:13 +0000 r3
Fri, 08 Nov 2019 01:04:28 +0000 r3
Fri, 08 Nov 2019 01:04:28 +0000 r3
Fri, 08 Nov 2019 01:04:28 +0000 r3
Fri, 08 Nov 2019 01:04:28 +0000 r3
Fri, 08 Nov 2019 02:22:40 +0000 r3
Fri, 08 Nov 2019 02:22:40 +0000 r3
Fri, 08 Nov 2019 02:22:41 +0000 r3
Fri, 08 Nov 2019 02:22:41 +0000 r3
Fri, 08 Nov 2019 02:22:41 +0000 r3
Fri, 08 Nov 2019 02:22:41 +0000 r3
Fri, 08 Nov 2019 04:19:34 +0000 r3
Fri, 08 Nov 2019 09:16:31 +0000 r3
Fri, 08 Nov 2019 10:15:09 +0000 r3
Fri, 08 Nov 2019 14:08:38 +0000 r3
Fri, 08 Nov 2019 14:08:38 +0000 r3
Fri, 08 Nov 2019 14:08:38 +0000 r3
Fri, 08 Nov 2019 14:08:39 +0000 r3
Fri, 08 Nov 2019 14:49:37 +0000 r3
Fri, 08 Nov 2019 15:50:06 +0000 r3
Fri, 08 Nov 2019 16:26:42 +0000 r3
Fri, 08 Nov 2019 16:44:30 +0000 r3
Fri, 08 Nov 2019 17:49:58 +0000 r3
Fri, 08 Nov 2019 17:49:59 +0000 r3
Fri, 08 Nov 2019 17:49:59 +0000 r3
Fri, 08 Nov 2019 17:50:00 +0000 r3
Fri, 08 Nov 2019 18:48:15 +0000 r3
Fri, 08 Nov 2019 19:16:42 +0000 r3
Fri, 08 Nov 2019 21:15:16 +0000 r3
Fri, 08 Nov 2019 21:15:16 +0000 r3
Fri, 08 Nov 2019 21:15:16 +0000 r3
Fri, 08 Nov 2019 21:15:17 +0000 r3
Fri, 08 Nov 2019 21:17:57 +0000 r3
Fri, 08 Nov 2019 21:17:57 +0000 r3
Fri, 08 Nov 2019 21:27:28 +0000 r3
Fri, 08 Nov 2019 21:27:29 +0000 r3
Fri, 08 Nov 2019 21:27:29 +0000 r3
Fri, 08 Nov 2019 21:27:30 +0000 r3
Fri, 08 Nov 2019 21:27:32 +0000 r3
Fri, 08 Nov 2019 21:27:32 +0000 r3
Fri, 08 Nov 2019 21:27:32 +0000 r3
Fri, 08 Nov 2019 21:27:33 +0000 r3
Fri, 08 Nov 2019 23:50:04 +0000 r3
Fri, 08 Nov 2019 23:50:04 +0000 r3
Fri, 08 Nov 2019 23:50:04 +0000 r3
Fri, 08 Nov 2019 23:50:05 +0000 r3
Sat, 09 Nov 2019 03:30:15 +0000 r3
Sat, 09 Nov 2019 03:49:11 +0000 r3
Sat, 09 Nov 2019 06:04:09 +0000 r3
Sat, 09 Nov 2019 07:15:20 +0000 r3
Sat, 09 Nov 2019 07:27:16 +0000 r3
Sat, 09 Nov 2019 07:38:49 +0000 r3
Sat, 09 Nov 2019 07:39:43 +0000 r3
Sat, 09 Nov 2019 07:42:14 +0000 r3
Sat, 09 Nov 2019 07:50:17 +0000 r3
Sat, 09 Nov 2019 08:01:21 +0000 r3
Sat, 09 Nov 2019 08:15:51 +0000 r3
Sat, 09 Nov 2019 08:25:50 +0000 r3
Sat, 09 Nov 2019 11:35:01 +0000 r3
Sat, 09 Nov 2019 12:04:42 +0000 r3
Sat, 09 Nov 2019 12:04:42 +0000 r3
Sat, 09 Nov 2019 17:59:53 +0000 r3
Sat, 09 Nov 2019 18:13:09 +0000 r3
Sat, 09 Nov 2019 20:24:14 +0000 r3
Sat, 09 Nov 2019 20:24:15 +0000 r3
Sat, 09 Nov 2019 20:24:18 +0000 r3
Sat, 09 Nov 2019 20:24:18 +0000 r3
Sat, 09 Nov 2019 20:24:19 +0000 r3
Sat, 09 Nov 2019 20:24:19 +0000 r3
Sat, 09 Nov 2019 22:11:43 +0000 r3
Sat, 09 Nov 2019 22:44:55 +0000 r3
Sun, 10 Nov 2019 02:38:13 +0000 r3
Sun, 10 Nov 2019 02:45:03 +0000 r3
Sun, 10 Nov 2019 03:16:44 +0000 r3
Sun, 10 Nov 2019 03:47:43 +0000 r3
Sun, 10 Nov 2019 06:05:10 +0000 r3
Sun, 10 Nov 2019 06:05:11 +0000 r3
Sun, 10 Nov 2019 06:05:11 +0000 r3
Sun, 10 Nov 2019 06:05:12 +0000 r3
Sun, 10 Nov 2019 06:44:57 +0000 r3
Sun, 10 Nov 2019 12:49:55 +0000 r3
Sun, 10 Nov 2019 14:01:23 +0000 r3
Sun, 10 Nov 2019 14:01:23 +0000 r3
Sun, 10 Nov 2019 14:01:23 +0000 r3
Sun, 10 Nov 2019 14:01:24 +0000 r3
Sun, 10 Nov 2019 16:14:52 +0000 r3
Sun, 10 Nov 2019 19:15:51 +0000 r3
Sun, 10 Nov 2019 19:15:51 +0000 r3
Sun, 10 Nov 2019 19:15:51 +0000 r3
Sun, 10 Nov 2019 19:15:52 +0000 r3
Sun, 10 Nov 2019 20:34:44 +0000 r3
Sun, 10 Nov 2019 20:44:38 +0000 r3
Sun, 10 Nov 2019 22:36:24 +0000 r3
Sun, 10 Nov 2019 22:36:25 +0000 r3
Sun, 10 Nov 2019 22:58:50 +0000 r3
Mon, 11 Nov 2019 01:01:04 +0000 r3
Mon, 11 Nov 2019 01:44:36 +0000 r3
Mon, 11 Nov 2019 02:13:03 +0000 r3
Mon, 11 Nov 2019 02:13:04 +0000 r3
Mon, 11 Nov 2019 02:13:04 +0000 r3
Mon, 11 Nov 2019 02:13:04 +0000 r3
Mon, 11 Nov 2019 03:30:23 +0000 r3
Mon, 11 Nov 2019 03:31:00 +0000 r3
Mon, 11 Nov 2019 03:31:08 +0000 r3
Mon, 11 Nov 2019 03:31:14 +0000 r3
Mon, 11 Nov 2019 04:22:05 +0000 r3
Mon, 11 Nov 2019 04:33:58 +0000 r3
Mon, 11 Nov 2019 06:48:50 +0000 r3
Mon, 11 Nov 2019 09:14:34 +0000 r3
Mon, 11 Nov 2019 14:16:20 +0000 r3
Mon, 11 Nov 2019 14:33:18 +0000 r3
Mon, 11 Nov 2019 17:03:38 +0000 r3
Mon, 11 Nov 2019 19:23:36 +0000 r3
Mon, 11 Nov 2019 22:50:11 +0000 r3
Mon, 11 Nov 2019 22:50:12 +0000 r3
Mon, 11 Nov 2019 22:50:12 +0000 r3
Mon, 11 Nov 2019 22:50:12 +0000 r3
Tue, 12 Nov 2019 02:03:49 +0000 r3
Tue, 12 Nov 2019 02:03:49 +0000 r3
Tue, 12 Nov 2019 10:47:36 +0000 r3
Tue, 12 Nov 2019 10:47:36 +0000 r3
Tue, 12 Nov 2019 10:47:36 +0000 r3
Tue, 12 Nov 2019 10:47:37 +0000 r3
Tue, 12 Nov 2019 11:33:53 +0000 r3
Tue, 12 Nov 2019 11:33:54 +0000 r3
Tue, 12 Nov 2019 11:33:54 +0000 r3
Tue, 12 Nov 2019 11:33:55 +0000 r3
Tue, 12 Nov 2019 11:33:55 +0000 r3
Tue, 12 Nov 2019 11:33:55 +0000 r3
Tue, 12 Nov 2019 11:33:56 +0000 r3
Tue, 12 Nov 2019 11:33:56 +0000 r3
Tue, 12 Nov 2019 12:27:52 +0000 r3
Tue, 12 Nov 2019 14:18:08 +0000 r3
Tue, 12 Nov 2019 14:18:28 +0000 r3
Tue, 12 Nov 2019 14:18:52 +0000 r3
Tue, 12 Nov 2019 14:20:20 +0000 r3
Tue, 12 Nov 2019 14:24:34 +0000 r3
Tue, 12 Nov 2019 17:01:48 +0000 r3
Tue, 12 Nov 2019 17:17:29 +0000 r3
Tue, 12 Nov 2019 17:17:30 +0000 r3
Tue, 12 Nov 2019 17:17:30 +0000 r3
Tue, 12 Nov 2019 17:17:31 +0000 r3
Tue, 12 Nov 2019 17:27:04 +0000 r3
Tue, 12 Nov 2019 17:27:04 +0000 r3
Tue, 12 Nov 2019 17:27:05 +0000 r3
Tue, 12 Nov 2019 17:27:05 +0000 r3
Tue, 12 Nov 2019 17:27:06 +0000 r3
Tue, 12 Nov 2019 17:27:06 +0000 r3
Tue, 12 Nov 2019 17:27:07 +0000 r3
Tue, 12 Nov 2019 17:27:07 +0000 r3
Tue, 12 Nov 2019 17:55:51 +0000 r3
Tue, 12 Nov 2019 17:55:52 +0000 r3
Tue, 12 Nov 2019 17:55:52 +0000 r3
Tue, 12 Nov 2019 17:55:53 +0000 r3
Tue, 12 Nov 2019 17:55:53 +0000 r3
Tue, 12 Nov 2019 17:55:55 +0000 r3
Tue, 12 Nov 2019 17:55:56 +0000 r3
Tue, 12 Nov 2019 17:55:57 +0000 r3
Tue, 12 Nov 2019 18:43:38 +0000 r3
Tue, 12 Nov 2019 18:43:39 +0000 r3
Tue, 12 Nov 2019 18:43:39 +0000 r3
Tue, 12 Nov 2019 18:43:39 +0000 r3
Tue, 12 Nov 2019 20:02:25 +0000 r3
Tue, 12 Nov 2019 21:20:28 +0000 r3
Tue, 12 Nov 2019 21:20:29 +0000 r3
Tue, 12 Nov 2019 21:20:29 +0000 r3
Tue, 12 Nov 2019 21:20:29 +0000 r3
Tue, 12 Nov 2019 21:20:29 +0000 r3
Tue, 12 Nov 2019 21:20:38 +0000 r3
Tue, 12 Nov 2019 21:20:38 +0000 r3
Tue, 12 Nov 2019 21:37:12 +0000 r3
Tue, 12 Nov 2019 21:37:13 +0000 r3
Tue, 12 Nov 2019 21:37:13 +0000 r3
Tue, 12 Nov 2019 21:37:13 +0000 r3
Tue, 12 Nov 2019 23:01:58 +0000 r3
Tue, 12 Nov 2019 23:01:58 +0000 r3
Tue, 12 Nov 2019 23:01:59 +0000 r3
Tue, 12 Nov 2019 23:01:59 +0000 r3
Tue, 12 Nov 2019 23:02:00 +0000 r3
Tue, 12 Nov 2019 23:02:01 +0000 r3
Tue, 12 Nov 2019 23:02:01 +0000 r3
Tue, 12 Nov 2019 23:02:02 +0000 r3
Wed, 13 Nov 2019 02:56:00 +0000 r3
Wed, 13 Nov 2019 04:11:23 +0000 r3
Wed, 13 Nov 2019 09:16:36 +0000 r3
Wed, 13 Nov 2019 13:36:16 +0000 r3
Wed, 13 Nov 2019 13:58:44 +0000 r3
Wed, 13 Nov 2019 14:10:41 +0000 r3
Wed, 13 Nov 2019 14:55:19 +0000 r3
Wed, 13 Nov 2019 14:55:20 +0000 r3
Wed, 13 Nov 2019 14:55:20 +0000 r3
Wed, 13 Nov 2019 14:55:20 +0000 r3
Wed, 13 Nov 2019 17:15:47 +0000 r3
Wed, 13 Nov 2019 17:53:04 +0000 r3
Wed, 13 Nov 2019 17:53:04 +0000 r3
Wed, 13 Nov 2019 17:53:05 +0000 r3
Wed, 13 Nov 2019 17:53:05 +0000 r3
Wed, 13 Nov 2019 19:21:38 +0000 r3
Wed, 13 Nov 2019 19:21:38 +0000 r3
Wed, 13 Nov 2019 19:21:38 +0000 r3
Wed, 13 Nov 2019 19:21:39 +0000 r3
Wed, 13 Nov 2019 19:34:28 +0000 r3
Wed, 13 Nov 2019 19:34:28 +0000 r3
Wed, 13 Nov 2019 19:34:28 +0000 r3
Wed, 13 Nov 2019 19:34:29 +0000 r3
Wed, 13 Nov 2019 19:39:16 +0000 r3
Wed, 13 Nov 2019 19:39:18 +0000 r3
Wed, 13 Nov 2019 22:32:26 +0000 r3
Thu, 14 Nov 2019 00:29:13 +0000 r3
Thu, 14 Nov 2019 00:29:13 +0000 r3
Thu, 14 Nov 2019 00:29:13 +0000 r3
Thu, 14 Nov 2019 00:29:14 +0000 r3
Thu, 14 Nov 2019 03:24:53 +0000 r3
Thu, 14 Nov 2019 03:24:53 +0000 r3
Thu, 14 Nov 2019 03:24:53 +0000 r3
Thu, 14 Nov 2019 03:24:54 +0000 r3
Thu, 14 Nov 2019 04:38:18 +0000 r3
Thu, 14 Nov 2019 11:51:56 +0000 r3
Thu, 14 Nov 2019 11:51:56 +0000 r3
Thu, 14 Nov 2019 11:51:57 +0000 r3
Thu, 14 Nov 2019 11:51:57 +0000 r3
Thu, 14 Nov 2019 12:33:09 +0000 r3
Thu, 14 Nov 2019 12:33:09 +0000 r3
Thu, 14 Nov 2019 12:33:09 +0000 r3
Thu, 14 Nov 2019 12:33:09 +0000 r3
Thu, 14 Nov 2019 16:28:36 +0000 r3
Thu, 14 Nov 2019 20:50:08 +0000 r3
Thu, 14 Nov 2019 22:26:03 +0000 r3
Thu, 14 Nov 2019 23:13:48 +0000 r3
Thu, 14 Nov 2019 23:22:10 +0000 r3
Fri, 15 Nov 2019 04:25:54 +0000 r3
Fri, 15 Nov 2019 07:41:32 +0000 r3
Fri, 15 Nov 2019 07:41:32 +0000 r3
Fri, 15 Nov 2019 07:41:32 +0000 r3
Fri, 15 Nov 2019 07:41:32 +0000 r3
Fri, 15 Nov 2019 07:41:32 +0000 r3
Fri, 15 Nov 2019 09:43:35 +0000 r3
Fri, 15 Nov 2019 13:50:15 +0000 r3
Fri, 15 Nov 2019 13:50:15 +0000 r3
Fri, 15 Nov 2019 13:50:16 +0000 r3
Fri, 15 Nov 2019 13:50:16 +0000 r3
Fri, 15 Nov 2019 13:58:32 +0000 r3
Fri, 15 Nov 2019 13:58:35 +0000 r3
Fri, 15 Nov 2019 13:58:37 +0000 r3
Fri, 15 Nov 2019 15:44:45 +0000 r3
Fri, 15 Nov 2019 15:44:46 +0000 r3
Fri, 15 Nov 2019 15:44:46 +0000 r3
Fri, 15 Nov 2019 15:44:47 +0000 r3
Fri, 15 Nov 2019 18:01:34 +0000 r3
Fri, 15 Nov 2019 18:37:12 +0000 r3
Sat, 16 Nov 2019 01:51:28 +0000 r3
Sat, 16 Nov 2019 02:06:02 +0000 r3
Sat, 16 Nov 2019 06:37:52 +0000 r3
Sat, 16 Nov 2019 11:58:26 +0000 r3
Sat, 16 Nov 2019 12:29:08 +0000 r3
Sat, 16 Nov 2019 12:29:08 +0000 r3
Sat, 16 Nov 2019 12:29:09 +0000 r3
Sat, 16 Nov 2019 12:29:09 +0000 r3
Sat, 16 Nov 2019 16:10:47 +0000 r3
Sat, 16 Nov 2019 16:11:02 +0000 r3
Sat, 16 Nov 2019 16:19:42 +0000 r3
Sat, 16 Nov 2019 16:19:43 +0000 r3
Sat, 16 Nov 2019 16:19:43 +0000 r3
Sat, 16 Nov 2019 16:19:43 +0000 r3
Sat, 16 Nov 2019 16:37:13 +0000 r3
Sat, 16 Nov 2019 16:38:21 +0000 r3
Sat, 16 Nov 2019 18:08:14 +0000 r3
Sat, 16 Nov 2019 18:08:15 +0000 r3
Sat, 16 Nov 2019 18:08:15 +0000 r3
Sat, 16 Nov 2019 18:08:15 +0000 r3
Sat, 16 Nov 2019 20:48:49 +0000 r3
Sat, 16 Nov 2019 20:48:50 +0000 r3
Sat, 16 Nov 2019 20:48:50 +0000 r3
Sat, 16 Nov 2019 20:48:51 +0000 r3
Sat, 16 Nov 2019 20:48:54 +0000 r3
Sat, 16 Nov 2019 20:48:55 +0000 r3
Sat, 16 Nov 2019 20:49:20 +0000 r3
Sat, 16 Nov 2019 20:49:38 +0000 r3
Sat, 16 Nov 2019 20:50:07 +0000 r3
Sat, 16 Nov 2019 20:50:09 +0000 r3
Sat, 16 Nov 2019 20:50:13 +0000 r3
Sat, 16 Nov 2019 20:50:21 +0000 r3
Sat, 16 Nov 2019 20:50:22 +0000 r3
Sat, 16 Nov 2019 20:50:24 +0000 r3
Sat, 16 Nov 2019 20:50:25 +0000 r3
Sat, 16 Nov 2019 20:50:26 +0000 r3
Sat, 16 Nov 2019 20:50:28 +0000 r3
Sat, 16 Nov 2019 20:50:29 +0000 r3
Sat, 16 Nov 2019 20:50:31 +0000 r3
Sat, 16 Nov 2019 20:50:40 +0000 r3
Sat, 16 Nov 2019 20:50:42 +0000 r3
Sat, 16 Nov 2019 20:50:48 +0000 r3
Sat, 16 Nov 2019 20:50:50 +0000 r3
Sat, 16 Nov 2019 20:50:51 +0000 r3
Sat, 16 Nov 2019 20:50:53 +0000 r3
Sat, 16 Nov 2019 20:51:00 +0000 r3
Sat, 16 Nov 2019 20:51:04 +0000 r3
Sat, 16 Nov 2019 20:51:16 +0000 r3
Sat, 16 Nov 2019 20:51:24 +0000 r3
Sat, 16 Nov 2019 20:51:26 +0000 r3
Sat, 16 Nov 2019 20:51:27 +0000 r3
Sat, 16 Nov 2019 20:51:29 +0000 r3
Sat, 16 Nov 2019 20:51:30 +0000 r3
Sat, 16 Nov 2019 20:51:42 +0000 r3
Sat, 16 Nov 2019 20:51:52 +0000 r3
Sat, 16 Nov 2019 20:52:28 +0000 r3
Sat, 16 Nov 2019 20:52:29 +0000 r3
Sat, 16 Nov 2019 20:52:29 +0000 r3
Sat, 16 Nov 2019 20:52:29 +0000 r3
Sat, 16 Nov 2019 23:51:25 +0000 r3
Sun, 17 Nov 2019 01:37:31 +0000 r3
Sun, 17 Nov 2019 01:37:31 +0000 r3
Sun, 17 Nov 2019 01:37:32 +0000 r3
Sun, 17 Nov 2019 01:37:32 +0000 r3
Sun, 17 Nov 2019 03:27:24 +0000 r3
Sun, 17 Nov 2019 06:54:39 +0000 r3
Sun, 17 Nov 2019 15:18:11 +0000 r3
Sun, 17 Nov 2019 15:18:12 +0000 r3
Sun, 17 Nov 2019 15:18:12 +0000 r3
Sun, 17 Nov 2019 15:18:13 +0000 r3
Sun, 17 Nov 2019 20:34:15 +0000 r3
Sun, 17 Nov 2019 21:39:22 +0000 r3
Sun, 17 Nov 2019 21:39:22 +0000 r3
Sun, 17 Nov 2019 21:39:23 +0000 r3
Sun, 17 Nov 2019 21:39:23 +0000 r3
Sun, 17 Nov 2019 22:02:47 +0000 r3
Sun, 17 Nov 2019 22:03:39 +0000 r3
Sun, 17 Nov 2019 23:29:42 +0000 r3
Sun, 17 Nov 2019 23:29:42 +0000 r3
Sun, 17 Nov 2019 23:29:42 +0000 r3
Sun, 17 Nov 2019 23:29:43 +0000 r3
Mon, 18 Nov 2019 00:24:18 +0000 r3
Mon, 18 Nov 2019 03:14:24 +0000 r3
Mon, 18 Nov 2019 03:14:24 +0000 r3
Mon, 18 Nov 2019 03:14:24 +0000 r3
Mon, 18 Nov 2019 03:14:24 +0000 r3
Mon, 18 Nov 2019 03:38:33 +0000 r3
Mon, 18 Nov 2019 03:38:33 +0000 r3
Mon, 18 Nov 2019 03:38:34 +0000 r3
Mon, 18 Nov 2019 03:38:34 +0000 r3
Mon, 18 Nov 2019 03:38:35 +0000 r3
Mon, 18 Nov 2019 03:38:35 +0000 r3
Mon, 18 Nov 2019 03:38:35 +0000 r3
Mon, 18 Nov 2019 03:38:36 +0000 r3
Mon, 18 Nov 2019 10:34:23 +0000 r3
Mon, 18 Nov 2019 10:34:24 +0000 r3
Mon, 18 Nov 2019 10:34:24 +0000 r3
Mon, 18 Nov 2019 10:34:24 +0000 r3
Mon, 18 Nov 2019 11:34:39 +0000 r3
Mon, 18 Nov 2019 11:34:40 +0000 r3
Mon, 18 Nov 2019 11:34:40 +0000 r3
Mon, 18 Nov 2019 11:34:41 +0000 r3
Mon, 18 Nov 2019 11:34:41 +0000 r3
Mon, 18 Nov 2019 11:34:42 +0000 r3
Mon, 18 Nov 2019 11:34:42 +0000 r3
Mon, 18 Nov 2019 11:34:42 +0000 r3
Mon, 18 Nov 2019 12:21:22 +0000 r3
Mon, 18 Nov 2019 12:22:13 +0000 r3
Mon, 18 Nov 2019 13:37:40 +0000 r3
Mon, 18 Nov 2019 18:57:02 +0000 r3
Mon, 18 Nov 2019 18:57:10 +0000 r3
Tue, 19 Nov 2019 00:28:25 +0000 r3
Tue, 19 Nov 2019 01:12:42 +0000 r3
Tue, 19 Nov 2019 02:09:22 +0000 r3
Tue, 19 Nov 2019 08:00:32 +0000 r3
Tue, 19 Nov 2019 08:00:57 +0000 r3
Tue, 19 Nov 2019 08:01:55 +0000 r3
Tue, 19 Nov 2019 08:04:13 +0000 r3
Tue, 19 Nov 2019 08:10:38 +0000 r3
Tue, 19 Nov 2019 11:30:24 +0000 r3
Tue, 19 Nov 2019 11:50:33 +0000 r3
Tue, 19 Nov 2019 13:16:44 +0000 r3
Tue, 19 Nov 2019 13:47:50 +0000 r3
Tue, 19 Nov 2019 15:11:40 +0000 r3
Tue, 19 Nov 2019 15:11:41 +0000 r3
Tue, 19 Nov 2019 15:11:41 +0000 r3
Tue, 19 Nov 2019 15:11:41 +0000 r3
Tue, 19 Nov 2019 17:39:06 +0000 r3
Tue, 19 Nov 2019 17:39:07 +0000 r3
Tue, 19 Nov 2019 17:39:18 +0000 r3
Tue, 19 Nov 2019 17:39:18 +0000 r3
Tue, 19 Nov 2019 17:39:19 +0000 r3
Tue, 19 Nov 2019 17:39:19 +0000 r3
Tue, 19 Nov 2019 17:39:21 +0000 r3
Tue, 19 Nov 2019 17:39:21 +0000 r3
Tue, 19 Nov 2019 17:39:22 +0000 r3
Tue, 19 Nov 2019 17:39:25 +0000 r3
Tue, 19 Nov 2019 18:42:55 +0000 r3
Tue, 19 Nov 2019 18:42:55 +0000 r3
Tue, 19 Nov 2019 20:52:45 +0000 r3
Tue, 19 Nov 2019 20:52:45 +0000 r3
Tue, 19 Nov 2019 20:52:45 +0000 r3
Tue, 19 Nov 2019 20:52:46 +0000 r3
Tue, 19 Nov 2019 23:02:12 +0000 r3
Tue, 19 Nov 2019 23:54:06 +0000 r3
Wed, 20 Nov 2019 00:01:33 +0000 r3
Wed, 20 Nov 2019 05:45:07 +0000 r3
Wed, 20 Nov 2019 14:36:46 +0000 r3
Wed, 20 Nov 2019 14:36:46 +0000 r3
Wed, 20 Nov 2019 14:36:46 +0000 r3
Wed, 20 Nov 2019 14:36:47 +0000 r3
Wed, 20 Nov 2019 16:38:00 +0000 r3
Wed, 20 Nov 2019 16:38:01 +0000 r3
Wed, 20 Nov 2019 16:38:01 +0000 r3
Wed, 20 Nov 2019 16:38:02 +0000 r3
Thu, 21 Nov 2019 00:32:11 +0000 r3
Thu, 21 Nov 2019 01:43:07 +0000 r3
Thu, 21 Nov 2019 01:43:07 +0000 r3
Thu, 21 Nov 2019 01:43:08 +0000 r3
Thu, 21 Nov 2019 01:43:08 +0000 r3
Thu, 21 Nov 2019 09:15:31 +0000 r3
Thu, 21 Nov 2019 09:38:29 +0000 r3
Thu, 21 Nov 2019 10:24:59 +0000 r3
Thu, 21 Nov 2019 13:48:02 +0000 r3
Thu, 21 Nov 2019 13:48:03 +0000 r3
Thu, 21 Nov 2019 13:48:03 +0000 r3
Thu, 21 Nov 2019 13:48:04 +0000 r3
Thu, 21 Nov 2019 14:24:02 +0000 r3
Thu, 21 Nov 2019 14:24:03 +0000 r3
Thu, 21 Nov 2019 14:24:04 +0000 r3
Thu, 21 Nov 2019 14:24:04 +0000 r3
Thu, 21 Nov 2019 14:24:05 +0000 r3
Thu, 21 Nov 2019 14:24:05 +0000 r3
Thu, 21 Nov 2019 14:24:05 +0000 r3
Thu, 21 Nov 2019 14:24:06 +0000 r3
Thu, 21 Nov 2019 18:02:37 +0000 r3
Thu, 21 Nov 2019 18:28:58 +0000 r3
Thu, 21 Nov 2019 19:35:54 +0000 r3
Thu, 21 Nov 2019 20:46:52 +0000 r3
Thu, 21 Nov 2019 22:22:57 +0000 r3
Thu, 21 Nov 2019 22:22:57 +0000 r3
Thu, 21 Nov 2019 22:22:58 +0000 r3
Thu, 21 Nov 2019 22:22:58 +0000 r3
Thu, 21 Nov 2019 22:47:13 +0000 r3
Thu, 21 Nov 2019 22:47:14 +0000 r3
Thu, 21 Nov 2019 23:50:39 +0000 r3
Thu, 21 Nov 2019 23:50:40 +0000 r3
Thu, 21 Nov 2019 23:50:40 +0000 r3
Thu, 21 Nov 2019 23:50:41 +0000 r3
Thu, 21 Nov 2019 23:50:41 +0000 r3
Thu, 21 Nov 2019 23:50:42 +0000 r3
Thu, 21 Nov 2019 23:50:42 +0000 r3
Thu, 21 Nov 2019 23:50:42 +0000 r3
Fri, 22 Nov 2019 02:05:15 +0000 r3
Fri, 22 Nov 2019 02:05:22 +0000 r3
Fri, 22 Nov 2019 02:05:26 +0000 r3
Fri, 22 Nov 2019 02:05:32 +0000 r3
Fri, 22 Nov 2019 02:05:35 +0000 r3
Fri, 22 Nov 2019 04:31:45 +0000 r3
Fri, 22 Nov 2019 05:11:42 +0000 r3
Fri, 22 Nov 2019 11:58:43 +0000 r3
Fri, 22 Nov 2019 13:06:40 +0000 r3
Fri, 22 Nov 2019 13:06:40 +0000 r3
Fri, 22 Nov 2019 13:06:40 +0000 r3
Fri, 22 Nov 2019 13:06:40 +0000 r3
Fri, 22 Nov 2019 14:22:43 +0000 r3
Fri, 22 Nov 2019 15:37:46 +0000 r3
Fri, 22 Nov 2019 15:40:00 +0000 r3
Fri, 22 Nov 2019 15:40:00 +0000 r3
Fri, 22 Nov 2019 15:40:01 +0000 r3
Fri, 22 Nov 2019 15:40:01 +0000 r3
Fri, 22 Nov 2019 19:22:21 +0000 r3
Fri, 22 Nov 2019 19:22:22 +0000 r3
Fri, 22 Nov 2019 19:22:22 +0000 r3
Fri, 22 Nov 2019 19:22:22 +0000 r3
Fri, 22 Nov 2019 21:40:21 +0000 r3
Fri, 22 Nov 2019 21:40:22 +0000 r3
Fri, 22 Nov 2019 21:40:22 +0000 r3
Fri, 22 Nov 2019 21:40:22 +0000 r3
Fri, 22 Nov 2019 22:00:26 +0000 r3
Fri, 22 Nov 2019 22:00:26 +0000 r3
Fri, 22 Nov 2019 22:00:26 +0000 r3
Fri, 22 Nov 2019 22:00:27 +0000 r3
Fri, 22 Nov 2019 22:00:27 +0000 r3
Fri, 22 Nov 2019 22:00:28 +0000 r3
Fri, 22 Nov 2019 22:00:28 +0000 r3
Fri, 22 Nov 2019 22:00:28 +0000 r3
Sat, 23 Nov 2019 00:13:47 +0000 r3
Sat, 23 Nov 2019 00:27:46 +0000 r3
Sat, 23 Nov 2019 00:27:47 +0000 r3
Sat, 23 Nov 2019 00:27:47 +0000 r3
Sat, 23 Nov 2019 00:27:48 +0000 r3
Sat, 23 Nov 2019 00:27:48 +0000 r3
Sat, 23 Nov 2019 00:27:48 +0000 r3
Sat, 23 Nov 2019 00:53:35 +0000 r3
Sat, 23 Nov 2019 00:53:36 +0000 r3
Sat, 23 Nov 2019 00:53:36 +0000 r3
Sat, 23 Nov 2019 00:53:37 +0000 r3
Sat, 23 Nov 2019 00:53:37 +0000 r3
Sat, 23 Nov 2019 00:53:38 +0000 r3
Sat, 23 Nov 2019 00:53:38 +0000 r3
Sat, 23 Nov 2019 00:53:39 +0000 r3
Sat, 23 Nov 2019 08:43:13 +0000 r3
Sat, 23 Nov 2019 12:00:06 +0000 r3
Sat, 23 Nov 2019 12:00:07 +0000 r3
Sat, 23 Nov 2019 12:00:07 +0000 r3
Sat, 23 Nov 2019 12:00:07 +0000 r3
Sat, 23 Nov 2019 14:34:47 +0000 r3
Sat, 23 Nov 2019 14:37:01 +0000 r3
Sat, 23 Nov 2019 14:40:37 +0000 r3
Sat, 23 Nov 2019 14:40:37 +0000 r3
Sat, 23 Nov 2019 14:40:38 +0000 r3
Sat, 23 Nov 2019 14:40:38 +0000 r3
Sat, 23 Nov 2019 14:42:45 +0000 r3
Sat, 23 Nov 2019 15:52:17 +0000 r3
Sat, 23 Nov 2019 15:57:28 +0000 r3
Sat, 23 Nov 2019 15:57:29 +0000 r3
Sat, 23 Nov 2019 15:57:29 +0000 r3
Sat, 23 Nov 2019 15:57:30 +0000 r3
Sat, 23 Nov 2019 15:57:30 +0000 r3
Sat, 23 Nov 2019 15:57:31 +0000 r3
Sat, 23 Nov 2019 15:57:31 +0000 r3
Sat, 23 Nov 2019 15:57:31 +0000 r3
Sat, 23 Nov 2019 16:43:05 +0000 r3
Sat, 23 Nov 2019 18:09:58 +0000 r3
Sat, 23 Nov 2019 18:09:58 +0000 r3
Sat, 23 Nov 2019 18:09:59 +0000 r3
Sat, 23 Nov 2019 18:09:59 +0000 r3
Sat, 23 Nov 2019 19:15:09 +0000 r3
Sat, 23 Nov 2019 19:15:12 +0000 r3
Sat, 23 Nov 2019 19:15:14 +0000 r3
Sat, 23 Nov 2019 22:54:30 +0000 r3
Sat, 23 Nov 2019 23:11:11 +0000 r3
Sat, 23 Nov 2019 23:11:11 +0000 r3
Sat, 23 Nov 2019 23:11:12 +0000 r3
Sat, 23 Nov 2019 23:11:12 +0000 r3
Sat, 23 Nov 2019 23:24:28 +0000 r3
Sat, 23 Nov 2019 23:39:09 +0000 r3
Sat, 23 Nov 2019 23:39:10 +0000 r3
Sat, 23 Nov 2019 23:39:10 +0000 r3
Sat, 23 Nov 2019 23:39:10 +0000 r3
Sat, 23 Nov 2019 23:39:11 +0000 r3
Sat, 23 Nov 2019 23:39:11 +0000 r3
Sat, 23 Nov 2019 23:39:11 +0000 r3
Sat, 23 Nov 2019 23:39:12 +0000 r3
Sun, 24 Nov 2019 01:51:05 +0000 r3
Sun, 24 Nov 2019 02:10:24 +0000 r3
Sun, 24 Nov 2019 09:19:39 +0000 r3
Sun, 24 Nov 2019 14:40:23 +0000 r3
Sun, 24 Nov 2019 14:40:24 +0000 r3
Sun, 24 Nov 2019 14:40:24 +0000 r3
Sun, 24 Nov 2019 14:40:24 +0000 r3
Sun, 24 Nov 2019 17:16:16 +0000 r3
Sun, 24 Nov 2019 17:16:16 +0000 r3
Sun, 24 Nov 2019 17:16:16 +0000 r3
Sun, 24 Nov 2019 17:16:17 +0000 r3
Sun, 24 Nov 2019 18:54:15 +0000 r3
Sun, 24 Nov 2019 23:48:38 +0000 r3
Mon, 25 Nov 2019 02:30:10 +0000 r3
Mon, 25 Nov 2019 03:25:28 +0000 r3
Mon, 25 Nov 2019 03:25:28 +0000 r3
Mon, 25 Nov 2019 03:25:29 +0000 r3
Mon, 25 Nov 2019 03:25:29 +0000 r3
Mon, 25 Nov 2019 03:40:15 +0000 r3
Mon, 25 Nov 2019 05:01:14 +0000 r3
Mon, 25 Nov 2019 13:07:46 +0000 r3
Mon, 25 Nov 2019 13:07:47 +0000 r3
Mon, 25 Nov 2019 13:07:47 +0000 r3
Mon, 25 Nov 2019 13:07:48 +0000 r3
Mon, 25 Nov 2019 13:50:22 +0000 r3
Mon, 25 Nov 2019 13:50:23 +0000 r3
Mon, 25 Nov 2019 13:50:23 +0000 r3
Mon, 25 Nov 2019 13:50:24 +0000 r3
Mon, 25 Nov 2019 13:50:25 +0000 r3
Mon, 25 Nov 2019 13:50:25 +0000 r3
Mon, 25 Nov 2019 13:50:26 +0000 r3
Mon, 25 Nov 2019 13:50:27 +0000 r3
